<?xml version="1.0" encoding="UTF-8"?>
<!-- Generated by org.testng.reporters.JUnitXMLReporter -->
<testsuite hostname="G10GNLT053" ignored="20" name="FirefoxTest1" tests="27" failures="0" timestamp="08 Nov 2017 14:43:53 GMT" time="3.641" errors="0">
  <testcase name="@BeforeTest getDriver" time="3.482" classname="org.usgbc.utility.Base">
    <failure type="org.openqa.selenium.WebDriverException" message="unknown error: unhandled inspector error: {&amp;quot;code&amp;quot;:-32000,&amp;quot;message&amp;quot;:&amp;quot;Cannot navigate to invalid URL&amp;quot;}
  (Session info: chrome=62.0.3202.89)
  (Driver info: chromedriver=2.33.506120 (e3e53437346286c0bc2d2dc9aa4915ba81d9023f),platform=Windows NT 10.0.15063 x86_64) (WARNING: The server did not provide any stacktrace information)
Command duration or timeout: 0 milliseconds
Build info: version: &amp;apos;3.7.1&amp;apos;, revision: &amp;apos;8a0099a&amp;apos;, time: &amp;apos;2017-11-06T21:07:31.527Z&amp;apos;
System info: host: &amp;apos;G10GNLT053&amp;apos;, ip: &amp;apos;192.168.10.1&amp;apos;, os.name: &amp;apos;Windows 10&amp;apos;, os.arch: &amp;apos;amd64&amp;apos;, os.version: &amp;apos;10.0&amp;apos;, java.version: &amp;apos;1.8.0_144&amp;apos;
Driver info: org.openqa.selenium.chrome.ChromeDriver
Capabilities {acceptSslCerts: true, applicationCacheEnabled: false, browserConnectionEnabled: false, browserName: chrome, chrome: {chromedriverVersion: 2.33.506120 (e3e53437346286..., userDataDir: C:\Users\Group10\AppData\Lo...}, cssSelectorsEnabled: true, databaseEnabled: false, handlesAlerts: true, hasTouchScreen: false, javascriptEnabled: true, locationContextEnabled: true, mobileEmulationEnabled: false, nativeEvents: true, networkConnectionEnabled: false, pageLoadStrategy: normal, platform: XP, platformName: XP, rotatable: false, setWindowRect: true, takesHeapSnapshot: true, takesScreenshot: true, unexpectedAlertBehaviour: , unhandledPromptBehavior: , version: 62.0.3202.89, webStorageEnabled: true}
Session ID: b6434a3ed5ad198377ed96e20b24ecc5">
      <![CDATA[org.openqa.selenium.WebDriverException: unknown error: unhandled inspector error: {"code":-32000,"message":"Cannot navigate to invalid URL"}
  (Session info: chrome=62.0.3202.89)
  (Driver info: chromedriver=2.33.506120 (e3e53437346286c0bc2d2dc9aa4915ba81d9023f),platform=Windows NT 10.0.15063 x86_64) (WARNING: The server did not provide any stacktrace information)
Command duration or timeout: 0 milliseconds
Build info: version: '3.7.1', revision: '8a0099a', time: '2017-11-06T21:07:31.527Z'
System info: host: 'G10GNLT053', ip: '192.168.10.1', os.name: 'Windows 10', os.arch: 'amd64', os.version: '10.0', java.version: '1.8.0_144'
Driver info: org.openqa.selenium.chrome.ChromeDriver
Capabilities {acceptSslCerts: true, applicationCacheEnabled: false, browserConnectionEnabled: false, browserName: chrome, chrome: {chromedriverVersion: 2.33.506120 (e3e53437346286..., userDataDir: C:\Users\Group10\AppData\Lo...}, cssSelectorsEnabled: true, databaseEnabled: false, handlesAlerts: true, hasTouchScreen: false, javascriptEnabled: true, locationContextEnabled: true, mobileEmulationEnabled: false, nativeEvents: true, networkConnectionEnabled: false, pageLoadStrategy: normal, platform: XP, platformName: XP, rotatable: false, setWindowRect: true, takesHeapSnapshot: true, takesScreenshot: true, unexpectedAlertBehaviour: , unhandledPromptBehavior: , version: 62.0.3202.89, webStorageEnabled: true}
Session ID: b6434a3ed5ad198377ed96e20b24ecc5
	at org.openqa.selenium.remote.ErrorHandler.createThrowable(ErrorHandler.java:214)
	at org.openqa.selenium.remote.ErrorHandler.throwIfResponseFailed(ErrorHandler.java:166)
	at org.openqa.selenium.remote.http.JsonHttpResponseCodec.reconstructValue(JsonHttpResponseCodec.java:40)
	at org.openqa.selenium.remote.http.AbstractHttpResponseCodec.decode(AbstractHttpResponseCodec.java:80)
	at org.openqa.selenium.remote.http.AbstractHttpResponseCodec.decode(AbstractHttpResponseCodec.java:44)
	at org.openqa.selenium.remote.HttpCommandExecutor.execute(HttpCommandExecutor.java:164)
	at org.openqa.selenium.remote.service.DriverCommandExecutor.execute(DriverCommandExecutor.java:83)
	at org.openqa.selenium.remote.RemoteWebDriver.execute(RemoteWebDriver.java:600)
	at org.openqa.selenium.remote.RemoteWebDriver.get(RemoteWebDriver.java:324)
	at org.usgbc.utility.Base.getDriver(Base.java:109)
... Removed 27 stack frames]]>
    </failure>
  </testcase> <!-- @BeforeTest getDriver -->
  <testcase name="@AfterTest closeDriver" time="0.0" classname="org.usgbc.utility.Base">
    <skipped/>
  </testcase> <!-- @AfterTest closeDriver -->
  <testcase name="testCommunityRegistrationCountryField" time="0.001" classname="org.usgbc.regression.CommunityRegistrationCountryFieldTest">
    <skipped/>
  </testcase> <!-- testCommunityRegistrationCountryField -->
  <testcase name="testCommunityRegistrationForExistingUser" time="0.0" classname="org.usgbc.regression.CommunityRegistrationTest">
    <skipped/>
  </testcase> <!-- testCommunityRegistrationForExistingUser -->
  <testcase name="testCommunityRegistrationForExistingUser" time="0.0" classname="org.usgbc.regression.CommunityRegistrationTest">
    <skipped/>
  </testcase> <!-- testCommunityRegistrationForExistingUser -->
  <testcase name="testCommunityRegistrationForNonExistingUser" time="0.0" classname="org.usgbc.regression.CommunityRegistrationTest">
    <skipped/>
  </testcase> <!-- testCommunityRegistrationForNonExistingUser -->
  <testcase name="testCommunityRegistrationForNonExistingUserToGetRegistered" time="0.0" classname="org.usgbc.regression.CommunityRegistrationTest">
    <skipped/>
  </testcase> <!-- testCommunityRegistrationForNonExistingUserToGetRegistered -->
  <testcase name="testCommunityRegistrationForNonExistingUserToGetRegistered" time="0.0" classname="org.usgbc.regression.CommunityRegistrationTest">
    <skipped/>
  </testcase> <!-- testCommunityRegistrationForNonExistingUserToGetRegistered -->
  <testcase name="testCommunityRegistrationForNonExistingUserToGetRegistered" time="0.0" classname="org.usgbc.regression.CommunityRegistrationTest">
    <skipped/>
  </testcase> <!-- testCommunityRegistrationForNonExistingUserToGetRegistered -->
  <testcase name="testErrorMessagesCommReg" time="0.0" classname="org.usgbc.regression.ErrorMessageCommRegTest">
    <skipped/>
  </testcase> <!-- testErrorMessagesCommReg -->
  <testcase name="testErrorMessagesCommRegCondition2" time="0.0" classname="org.usgbc.regression.ErrorMessageCommRegTest">
    <skipped/>
  </testcase> <!-- testErrorMessagesCommRegCondition2 -->
  <testcase name="testErrorMessagesCommRegCondition3" time="0.0" classname="org.usgbc.regression.ErrorMessageCommRegTest">
    <skipped/>
  </testcase> <!-- testErrorMessagesCommRegCondition3 -->
  <testcase name="testLoggedUser" time="0.0" classname="org.usgbc.regression.LoggedUserTest">
    <skipped/>
  </testcase> <!-- testLoggedUser -->
  <testcase name="testLoggedUser2" time="0.0" classname="org.usgbc.regression.LoggedUserTest">
    <skipped/>
  </testcase> <!-- testLoggedUser2 -->
  <testcase name="testMembership" time="0.0" classname="org.usgbc.regression.MembershipTest">
    <skipped/>
  </testcase> <!-- testMembership -->
  <testcase name="testShoppingCartLink" time="0.0" classname="org.usgbc.regression.StoreTest">
    <skipped/>
  </testcase> <!-- testShoppingCartLink -->
  <testcase name="testShoppingCartLink2" time="0.0" classname="org.usgbc.regression.StoreTest">
    <skipped/>
  </testcase> <!-- testShoppingCartLink2 -->
  <testcase name="testShoppingCartLink3" time="0.001" classname="org.usgbc.regression.StoreTest">
    <skipped/>
  </testcase> <!-- testShoppingCartLink3 -->
  <testcase name="testStoreGreen" time="0.0" classname="org.usgbc.regression.StoreTest">
    <skipped/>
  </testcase> <!-- testStoreGreen -->
  <testcase name="testStoreLEED" time="0.0" classname="org.usgbc.regression.StoreTest">
    <skipped/>
  </testcase> <!-- testStoreLEED -->
  <testcase name="testStoreLEEDandGreen" time="0.001" classname="org.usgbc.regression.StoreTest">
    <skipped/>
  </testcase> <!-- testStoreLEEDandGreen -->
  <testcase name="testUsgbcCoreForExistingUser" time="0.0" classname="org.usgbc.regression.UsgbcCoreTest">
    <skipped/>
  </testcase> <!-- testUsgbcCoreForExistingUser -->
  <testcase name="testUsgbcCoreForNonExistingUser" time="0.0" classname="org.usgbc.regression.UsgbcCoreTest">
    <skipped/>
  </testcase> <!-- testUsgbcCoreForNonExistingUser -->
  <testcase name="testUsgbcCoreForNonExistingUserToGetRegistered" time="0.0" classname="org.usgbc.regression.UsgbcCoreTest">
    <skipped/>
  </testcase> <!-- testUsgbcCoreForNonExistingUserToGetRegistered -->
  <testcase name="testUsgbcStore" time="0.0" classname="org.usgbc.regression.UsgbcStoreTest">
    <skipped/>
  </testcase> <!-- testUsgbcStore -->
  <testcase name="testUsgbcStoreGreen" time="0.0" classname="org.usgbc.regression.UsgbcStoreTest">
    <skipped/>
  </testcase> <!-- testUsgbcStoreGreen -->
  <testcase name="testUsgbcStoreGreen2" time="0.0" classname="org.usgbc.regression.UsgbcStoreTest">
    <skipped/>
  </testcase> <!-- testUsgbcStoreGreen2 -->
  <testcase name="testUsgbcStoreLEED" time="0.0" classname="org.usgbc.regression.UsgbcStoreTest">
    <skipped/>
  </testcase> <!-- testUsgbcStoreLEED -->
  <testcase name="testUsgbcStoreLEED2" time="0.0" classname="org.usgbc.regression.UsgbcStoreTest">
    <skipped/>
  </testcase> <!-- testUsgbcStoreLEED2 -->
  <testcase name="@AfterTest closeDriver" time="0.0" classname="org.usgbc.utility.Base">
    <ignored/>
  </testcase> <!-- @AfterTest closeDriver -->
  <testcase name="@AfterTest closeDriver" time="0.0" classname="org.usgbc.utility.Base">
    <ignored/>
  </testcase> <!-- @AfterTest closeDriver -->
  <testcase name="@AfterTest closeDriver" time="0.0" classname="org.usgbc.utility.Base">
    <ignored/>
  </testcase> <!-- @AfterTest closeDriver -->
  <testcase name="@AfterTest closeDriver" time="0.0" classname="org.usgbc.utility.Base">
    <ignored/>
  </testcase> <!-- @AfterTest closeDriver -->
  <testcase name="@AfterTest closeDriver" time="0.0" classname="org.usgbc.utility.Base">
    <ignored/>
  </testcase> <!-- @AfterTest closeDriver -->
  <testcase name="@AfterTest closeDriver" time="0.0" classname="org.usgbc.utility.Base">
    <ignored/>
  </testcase> <!-- @AfterTest closeDriver -->
  <testcase name="@AfterTest closeDriver" time="0.0" classname="org.usgbc.utility.Base">
    <ignored/>
  </testcase> <!-- @AfterTest closeDriver -->
  <testcase name="@AfterTest closeDriver" time="0.0" classname="org.usgbc.utility.Base">
    <ignored/>
  </testcase> <!-- @AfterTest closeDriver -->
  <testcase name="@AfterTest closeDriver" time="0.0" classname="org.usgbc.utility.Base">
    <ignored/>
  </testcase> <!-- @AfterTest closeDriver -->
  <testcase name="@AfterTest closeDriver" time="0.0" classname="org.usgbc.utility.Base">
    <ignored/>
  </testcase> <!-- @AfterTest closeDriver -->
  <testcase name="@BeforeTest getDriver" time="0.0" classname="org.usgbc.utility.Base">
    <ignored/>
  </testcase> <!-- @BeforeTest getDriver -->
  <testcase name="@BeforeTest getDriver" time="0.0" classname="org.usgbc.utility.Base">
    <ignored/>
  </testcase> <!-- @BeforeTest getDriver -->
  <testcase name="@BeforeTest getDriver" time="0.0" classname="org.usgbc.utility.Base">
    <ignored/>
  </testcase> <!-- @BeforeTest getDriver -->
  <testcase name="@BeforeTest getDriver" time="0.0" classname="org.usgbc.utility.Base">
    <ignored/>
  </testcase> <!-- @BeforeTest getDriver -->
  <testcase name="@BeforeTest getDriver" time="0.0" classname="org.usgbc.utility.Base">
    <ignored/>
  </testcase> <!-- @BeforeTest getDriver -->
  <testcase name="@BeforeTest getDriver" time="0.0" classname="org.usgbc.utility.Base">
    <ignored/>
  </testcase> <!-- @BeforeTest getDriver -->
  <testcase name="@BeforeTest getDriver" time="0.0" classname="org.usgbc.utility.Base">
    <ignored/>
  </testcase> <!-- @BeforeTest getDriver -->
  <testcase name="@BeforeTest getDriver" time="0.0" classname="org.usgbc.utility.Base">
    <ignored/>
  </testcase> <!-- @BeforeTest getDriver -->
  <testcase name="@BeforeTest getDriver" time="0.0" classname="org.usgbc.utility.Base">
    <ignored/>
  </testcase> <!-- @BeforeTest getDriver -->
  <testcase name="@BeforeTest getDriver" time="0.0" classname="org.usgbc.utility.Base">
    <ignored/>
  </testcase> <!-- @BeforeTest getDriver -->
</testsuite> <!-- FirefoxTest1 -->
