<?xml version="1.0" encoding="UTF-8"?>
<!-- Generated by org.testng.reporters.JUnitXMLReporter -->
<testsuite hostname="G10GGNLT049" name="Test" tests="19" failures="1" timestamp="3 Nov 2017 10:20:51 GMT" time="39.019" errors="0">
  <testcase name="@AfterMethod closeDriver" time="0.0" classname="com.usgbc.test.regression.CommunityRegistrationTest">
    <failure type="org.openqa.selenium.remote.UnreachableBrowserException" message="Error communicating with the remote browser. It may have died.
Build info: version: &amp;apos;2.53.1&amp;apos;, revision: &amp;apos;a36b8b1cd5757287168e54b817830adce9b0158d&amp;apos;, time: &amp;apos;2016-06-30 19:26:09&amp;apos;
System info: host: &amp;apos;G10GGNLT049&amp;apos;, ip: &amp;apos;192.168.56.1&amp;apos;, os.name: &amp;apos;Windows 10&amp;apos;, os.arch: &amp;apos;amd64&amp;apos;, os.version: &amp;apos;10.0&amp;apos;, java.version: &amp;apos;1.8.0_131&amp;apos;
Driver info: driver.version: FirefoxDriver
Capabilities [{applicationCacheEnabled=true, rotatable=false, handlesAlerts=true, databaseEnabled=true, version=47.0.1, platform=WINDOWS, nativeEvents=false, acceptSslCerts=true, webStorageEnabled=true, locationContextEnabled=true, browserName=firefox, takesScreenshot=true, javascriptEnabled=true, cssSelectorsEnabled=true}]
Session ID: 775982a6-e6ab-4f9d-97b8-5fc518a0c174">
      <![CDATA[org.openqa.selenium.remote.UnreachableBrowserException: Error communicating with the remote browser. It may have died.
Build info: version: '2.53.1', revision: 'a36b8b1cd5757287168e54b817830adce9b0158d', time: '2016-06-30 19:26:09'
System info: host: 'G10GGNLT049', ip: '192.168.56.1', os.name: 'Windows 10', os.arch: 'amd64', os.version: '10.0', java.version: '1.8.0_131'
Driver info: driver.version: FirefoxDriver
Capabilities [{applicationCacheEnabled=true, rotatable=false, handlesAlerts=true, databaseEnabled=true, version=47.0.1, platform=WINDOWS, nativeEvents=false, acceptSslCerts=true, webStorageEnabled=true, locationContextEnabled=true, browserName=firefox, takesScreenshot=true, javascriptEnabled=true, cssSelectorsEnabled=true}]
Session ID: 775982a6-e6ab-4f9d-97b8-5fc518a0c174
	at org.openqa.selenium.remote.RemoteWebDriver.execute(RemoteWebDriver.java:665)
	at org.openqa.selenium.remote.RemoteWebDriver.execute(RemoteWebDriver.java:701)
	at org.openqa.selenium.firefox.FirefoxDriver.getScreenshotAs(FirefoxDriver.java:341)
	at com.usgbc.utility.Report.afterMethod(Report.java:67)
	at com.usgbc.utility.Base.closeDriver(Base.java:81)
Caused by: org.apache.http.conn.HttpHostConnectException: Connect to 127.0.0.1:7055 [/127.0.0.1] failed: Connection refused: connect
	at org.apache.http.impl.conn.DefaultHttpClientConnectionOperator.connect(DefaultHttpClientConnectionOperator.java:151)
	at org.apache.http.impl.conn.PoolingHttpClientConnectionManager.connect(PoolingHttpClientConnectionManager.java:353)
	at org.apache.http.impl.execchain.MainClientExec.establishRoute(MainClientExec.java:380)
	at org.apache.http.impl.execchain.MainClientExec.execute(MainClientExec.java:236)
	at org.apache.http.impl.execchain.ProtocolExec.execute(ProtocolExec.java:184)
	at org.apache.http.impl.execchain.RetryExec.execute(RetryExec.java:88)
	at org.apache.http.impl.execchain.RedirectExec.execute(RedirectExec.java:110)
	at org.apache.http.impl.client.InternalHttpClient.doExecute(InternalHttpClient.java:184)
	at org.apache.http.impl.client.CloseableHttpClient.execute(CloseableHttpClient.java:71)
	at org.apache.http.impl.client.CloseableHttpClient.execute(CloseableHttpClient.java:55)
	at org.openqa.selenium.remote.internal.ApacheHttpClient.fallBackExecute(ApacheHttpClient.java:144)
	at org.openqa.selenium.remote.internal.ApacheHttpClient.execute(ApacheHttpClient.java:90)
	at org.openqa.selenium.remote.HttpCommandExecutor.execute(HttpCommandExecutor.java:142)
	at org.openqa.selenium.firefox.internal.NewProfileExtensionConnection.execute(NewProfileExtensionConnection.java:160)
	at org.openqa.selenium.firefox.FirefoxDriver$LazyCommandExecutor.execute(FirefoxDriver.java:380)
	at org.openqa.selenium.remote.RemoteWebDriver.execute(RemoteWebDriver.java:644)
	... 30 more
Caused by: java.net.ConnectException: Connection refused: connect
	at java.net.DualStackPlainSocketImpl.waitForConnect(Native Method)
	at java.net.DualStackPlainSocketImpl.socketConnect(DualStackPlainSocketImpl.java:85)
	at java.net.AbstractPlainSocketImpl.doConnect(AbstractPlainSocketImpl.java:350)
	at java.net.AbstractPlainSocketImpl.connectToAddress(AbstractPlainSocketImpl.java:206)
	at java.net.AbstractPlainSocketImpl.connect(AbstractPlainSocketImpl.java:188)
	at java.net.PlainSocketImpl.connect(PlainSocketImpl.java:172)
	at java.net.SocksSocketImpl.connect(SocksSocketImpl.java:392)
	at java.net.Socket.connect(Socket.java:589)
	at org.apache.http.conn.socket.PlainConnectionSocketFactory.connectSocket(PlainConnectionSocketFactory.java:74)
	at org.apache.http.impl.conn.DefaultHttpClientConnectionOperator.connect(DefaultHttpClientConnectionOperator.java:134)
	... 45 more
... Removed 26 stack frames]]>
    </failure>
  </testcase> <!-- @AfterMethod closeDriver -->
  <testcase name="@BeforeMethod getDriver" time="0.0" classname="com.usgbc.test.regression.UsgbcCoreTest">
    <skipped/>
  </testcase> <!-- @BeforeMethod getDriver -->
  <testcase name="@AfterMethod closeDriver" time="0.0" classname="com.usgbc.test.regression.UsgbcCoreTest">
    <skipped/>
  </testcase> <!-- @AfterMethod closeDriver -->
  <testcase name="@BeforeMethod getDriver" time="0.0" classname="com.usgbc.test.regression.LoggedUserTest">
    <skipped/>
  </testcase> <!-- @BeforeMethod getDriver -->
  <testcase name="@AfterMethod closeDriver" time="0.0" classname="com.usgbc.test.regression.LoggedUserTest">
    <skipped/>
  </testcase> <!-- @AfterMethod closeDriver -->
  <testcase name="@BeforeMethod getDriver" time="0.0" classname="com.usgbc.test.regression.LoggedUserTest">
    <skipped/>
  </testcase> <!-- @BeforeMethod getDriver -->
  <testcase name="@AfterMethod closeDriver" time="0.0" classname="com.usgbc.test.regression.LoggedUserTest">
    <skipped/>
  </testcase> <!-- @AfterMethod closeDriver -->
  <testcase name="@BeforeMethod getDriver" time="0.0" classname="com.usgbc.test.regression.ErrorMessageCommRegTest">
    <skipped/>
  </testcase> <!-- @BeforeMethod getDriver -->
  <testcase name="@AfterMethod closeDriver" time="0.0" classname="com.usgbc.test.regression.ErrorMessageCommRegTest">
    <skipped/>
  </testcase> <!-- @AfterMethod closeDriver -->
  <testcase name="@BeforeMethod getDriver" time="0.0" classname="com.usgbc.test.regression.ErrorMessageCommRegTest">
    <skipped/>
  </testcase> <!-- @BeforeMethod getDriver -->
  <testcase name="@AfterMethod closeDriver" time="0.0" classname="com.usgbc.test.regression.ErrorMessageCommRegTest">
    <skipped/>
  </testcase> <!-- @AfterMethod closeDriver -->
  <testcase name="@BeforeMethod getDriver" time="0.0" classname="com.usgbc.test.regression.ErrorMessageCommRegTest">
    <skipped/>
  </testcase> <!-- @BeforeMethod getDriver -->
  <testcase name="@AfterMethod closeDriver" time="0.0" classname="com.usgbc.test.regression.ErrorMessageCommRegTest">
    <skipped/>
  </testcase> <!-- @AfterMethod closeDriver -->
  <testcase name="@BeforeMethod getDriver" time="0.0" classname="com.usgbc.test.regression.UsgbcStoreTest">
    <skipped/>
  </testcase> <!-- @BeforeMethod getDriver -->
  <testcase name="@AfterMethod closeDriver" time="0.0" classname="com.usgbc.test.regression.UsgbcStoreTest">
    <skipped/>
  </testcase> <!-- @AfterMethod closeDriver -->
  <testcase name="@BeforeMethod getDriver" time="0.0" classname="com.usgbc.test.regression.UsgbcStoreTest">
    <skipped/>
  </testcase> <!-- @BeforeMethod getDriver -->
  <testcase name="@AfterMethod closeDriver" time="0.0" classname="com.usgbc.test.regression.UsgbcStoreTest">
    <skipped/>
  </testcase> <!-- @AfterMethod closeDriver -->
  <testcase name="@BeforeMethod getDriver" time="0.0" classname="com.usgbc.test.regression.UsgbcStoreTest">
    <skipped/>
  </testcase> <!-- @BeforeMethod getDriver -->
  <testcase name="@AfterMethod closeDriver" time="0.0" classname="com.usgbc.test.regression.UsgbcStoreTest">
    <skipped/>
  </testcase> <!-- @AfterMethod closeDriver -->
  <testcase name="@BeforeMethod getDriver" time="0.0" classname="com.usgbc.test.regression.UsgbcStoreTest">
    <skipped/>
  </testcase> <!-- @BeforeMethod getDriver -->
  <testcase name="@AfterMethod closeDriver" time="0.0" classname="com.usgbc.test.regression.UsgbcStoreTest">
    <skipped/>
  </testcase> <!-- @AfterMethod closeDriver -->
  <testcase name="@BeforeMethod getDriver" time="0.0" classname="com.usgbc.test.regression.UsgbcStoreTest">
    <skipped/>
  </testcase> <!-- @BeforeMethod getDriver -->
  <testcase name="@AfterMethod closeDriver" time="0.0" classname="com.usgbc.test.regression.UsgbcStoreTest">
    <skipped/>
  </testcase> <!-- @AfterMethod closeDriver -->
  <testcase name="@BeforeMethod getDriver" time="0.0" classname="com.usgbc.test.regression.StoreTest">
    <skipped/>
  </testcase> <!-- @BeforeMethod getDriver -->
  <testcase name="@AfterMethod closeDriver" time="0.0" classname="com.usgbc.test.regression.StoreTest">
    <skipped/>
  </testcase> <!-- @AfterMethod closeDriver -->
  <testcase name="@BeforeMethod getDriver" time="0.0" classname="com.usgbc.test.regression.StoreTest">
    <skipped/>
  </testcase> <!-- @BeforeMethod getDriver -->
  <testcase name="@AfterMethod closeDriver" time="0.0" classname="com.usgbc.test.regression.StoreTest">
    <skipped/>
  </testcase> <!-- @AfterMethod closeDriver -->
  <testcase name="@BeforeMethod getDriver" time="0.0" classname="com.usgbc.test.regression.StoreTest">
    <skipped/>
  </testcase> <!-- @BeforeMethod getDriver -->
  <testcase name="@AfterMethod closeDriver" time="0.0" classname="com.usgbc.test.regression.StoreTest">
    <skipped/>
  </testcase> <!-- @AfterMethod closeDriver -->
  <testcase name="@BeforeMethod getDriver" time="0.0" classname="com.usgbc.test.regression.StoreTest">
    <skipped/>
  </testcase> <!-- @BeforeMethod getDriver -->
  <testcase name="@AfterMethod closeDriver" time="0.0" classname="com.usgbc.test.regression.StoreTest">
    <skipped/>
  </testcase> <!-- @AfterMethod closeDriver -->
  <testcase name="@BeforeMethod getDriver" time="0.0" classname="com.usgbc.test.regression.StoreTest">
    <skipped/>
  </testcase> <!-- @BeforeMethod getDriver -->
  <testcase name="@AfterMethod closeDriver" time="0.0" classname="com.usgbc.test.regression.StoreTest">
    <skipped/>
  </testcase> <!-- @AfterMethod closeDriver -->
  <testcase name="@BeforeMethod getDriver" time="0.0" classname="com.usgbc.test.regression.StoreTest">
    <skipped/>
  </testcase> <!-- @BeforeMethod getDriver -->
  <testcase name="@AfterMethod closeDriver" time="0.0" classname="com.usgbc.test.regression.StoreTest">
    <skipped/>
  </testcase> <!-- @AfterMethod closeDriver -->
  <testcase name="@BeforeMethod getDriver" time="0.0" classname="com.usgbc.test.regression.MembershipTest">
    <skipped/>
  </testcase> <!-- @BeforeMethod getDriver -->
  <testcase name="@AfterMethod closeDriver" time="0.0" classname="com.usgbc.test.regression.MembershipTest">
    <skipped/>
  </testcase> <!-- @AfterMethod closeDriver -->
  <testcase name="testCommunityRegistration" time="30.627" classname="com.usgbc.test.regression.CommunityRegistrationTest">
    <failure type="java.lang.Error" message="Window not found. The browser window may have been closed.
Command duration or timeout: 53 milliseconds
Build info: version: &amp;apos;2.53.1&amp;apos;, revision: &amp;apos;a36b8b1cd5757287168e54b817830adce9b0158d&amp;apos;, time: &amp;apos;2016-06-30 19:26:09&amp;apos;
System info: host: &amp;apos;G10GGNLT049&amp;apos;, ip: &amp;apos;192.168.56.1&amp;apos;, os.name: &amp;apos;Windows 10&amp;apos;, os.arch: &amp;apos;amd64&amp;apos;, os.version: &amp;apos;10.0&amp;apos;, java.version: &amp;apos;1.8.0_131&amp;apos;
Driver info: org.openqa.selenium.firefox.FirefoxDriver
Capabilities [{applicationCacheEnabled=true, rotatable=false, handlesAlerts=true, databaseEnabled=true, version=47.0.1, platform=WINDOWS, nativeEvents=false, acceptSslCerts=true, webStorageEnabled=true, locationContextEnabled=true, browserName=firefox, takesScreenshot=true, javascriptEnabled=true, cssSelectorsEnabled=true}]
Session ID: 775982a6-e6ab-4f9d-97b8-5fc518a0c174">
      <![CDATA[java.lang.Error: Window not found. The browser window may have been closed.
Command duration or timeout: 53 milliseconds
Build info: version: '2.53.1', revision: 'a36b8b1cd5757287168e54b817830adce9b0158d', time: '2016-06-30 19:26:09'
System info: host: 'G10GGNLT049', ip: '192.168.56.1', os.name: 'Windows 10', os.arch: 'amd64', os.version: '10.0', java.version: '1.8.0_131'
Driver info: org.openqa.selenium.firefox.FirefoxDriver
Capabilities [{applicationCacheEnabled=true, rotatable=false, handlesAlerts=true, databaseEnabled=true, version=47.0.1, platform=WINDOWS, nativeEvents=false, acceptSslCerts=true, webStorageEnabled=true, locationContextEnabled=true, browserName=firefox, takesScreenshot=true, javascriptEnabled=true, cssSelectorsEnabled=true}]
Session ID: 775982a6-e6ab-4f9d-97b8-5fc518a0c174
	at org.openqa.selenium.remote.ErrorHandler.createThrowable(ErrorHandler.java:206)
	at org.openqa.selenium.remote.ErrorHandler.throwIfResponseFailed(ErrorHandler.java:158)
	at org.openqa.selenium.remote.RemoteWebDriver.execute(RemoteWebDriver.java:678)
	at org.openqa.selenium.remote.RemoteWebElement.execute(RemoteWebElement.java:327)
	at org.openqa.selenium.remote.RemoteWebElement.getAttribute(RemoteWebElement.java:150)
	at com.usgbc.utility.BrokenLink.BrokenLinkCheck(BrokenLink.java:23)
	at com.usgbc.test.business.CommunityRegistration.CommunityRegistartionModule(CommunityRegistration.java:66)
	at com.usgbc.test.regression.CommunityRegistrationTest.testCommunityRegistration(CommunityRegistrationTest.java:25)
... Removed 28 stack frames]]>
    </failure>
  </testcase> <!-- testCommunityRegistration -->
  <testcase name="testUsgbcCore" time="0.0" classname="com.usgbc.test.regression.UsgbcCoreTest">
    <skipped/>
  </testcase> <!-- testUsgbcCore -->
  <testcase name="testLoggedUser" time="0.0" classname="com.usgbc.test.regression.LoggedUserTest">
    <skipped/>
  </testcase> <!-- testLoggedUser -->
  <testcase name="testLoggedUser2" time="0.0" classname="com.usgbc.test.regression.LoggedUserTest">
    <skipped/>
  </testcase> <!-- testLoggedUser2 -->
  <testcase name="testErrorMessagesCommReg" time="0.016" classname="com.usgbc.test.regression.ErrorMessageCommRegTest">
    <skipped/>
  </testcase> <!-- testErrorMessagesCommReg -->
  <testcase name="testErrorMessagesCommRegCondition2" time="0.0" classname="com.usgbc.test.regression.ErrorMessageCommRegTest">
    <skipped/>
  </testcase> <!-- testErrorMessagesCommRegCondition2 -->
  <testcase name="testErrorMessagesCommRegCondition3" time="0.0" classname="com.usgbc.test.regression.ErrorMessageCommRegTest">
    <skipped/>
  </testcase> <!-- testErrorMessagesCommRegCondition3 -->
  <testcase name="testUsgbcStore" time="0.0" classname="com.usgbc.test.regression.UsgbcStoreTest">
    <skipped/>
  </testcase> <!-- testUsgbcStore -->
  <testcase name="testUsgbcStoreGreen" time="0.0" classname="com.usgbc.test.regression.UsgbcStoreTest">
    <skipped/>
  </testcase> <!-- testUsgbcStoreGreen -->
  <testcase name="testUsgbcStoreGreen2" time="0.0" classname="com.usgbc.test.regression.UsgbcStoreTest">
    <skipped/>
  </testcase> <!-- testUsgbcStoreGreen2 -->
  <testcase name="testUsgbcStoreLEED" time="0.0" classname="com.usgbc.test.regression.UsgbcStoreTest">
    <skipped/>
  </testcase> <!-- testUsgbcStoreLEED -->
  <testcase name="testUsgbcStoreLEED2" time="0.015" classname="com.usgbc.test.regression.UsgbcStoreTest">
    <skipped/>
  </testcase> <!-- testUsgbcStoreLEED2 -->
  <testcase name="testShoppingCartLink" time="0.0" classname="com.usgbc.test.regression.StoreTest">
    <skipped/>
  </testcase> <!-- testShoppingCartLink -->
  <testcase name="testShoppingCartLink2" time="0.0" classname="com.usgbc.test.regression.StoreTest">
    <skipped/>
  </testcase> <!-- testShoppingCartLink2 -->
  <testcase name="testShoppingCartLink3" time="0.0" classname="com.usgbc.test.regression.StoreTest">
    <skipped/>
  </testcase> <!-- testShoppingCartLink3 -->
  <testcase name="testStoreGreen" time="0.0" classname="com.usgbc.test.regression.StoreTest">
    <skipped/>
  </testcase> <!-- testStoreGreen -->
  <testcase name="testStoreLEED" time="0.0" classname="com.usgbc.test.regression.StoreTest">
    <skipped/>
  </testcase> <!-- testStoreLEED -->
  <testcase name="testStoreLEEDandGreen" time="0.015" classname="com.usgbc.test.regression.StoreTest">
    <skipped/>
  </testcase> <!-- testStoreLEEDandGreen -->
  <testcase name="testMembership" time="0.0" classname="com.usgbc.test.regression.MembershipTest">
    <skipped/>
  </testcase> <!-- testMembership -->
</testsuite> <!-- Test -->
