<?xml version="1.0" encoding="UTF-8"?>
<!-- Generated by org.testng.reporters.JUnitXMLReporter -->
<testsuite hostname="G10GGNLT049" name="Test" tests="19" failures="3" timestamp="1 Nov 2017 16:23:31 GMT" time="1514.101" errors="0">
  <testcase name="testCommunityRegistration" time="129.423" classname="com.usgbc.dev.regression.CommunityRegistrationTest"/>
  <testcase name="testCommunityRegistrationCountryField" time="0.001" classname="com.usgbc.dev.regression.CommunityRegistrationCountryFieldTest"/>
  <testcase name="testUsgbcCore" time="100.513" classname="com.usgbc.dev.regression.UsgbcCoreTest">
    <failure type="java.lang.Error" message="expected [https://test-dynamic-usgbc.pantheonsite.io/notauthorized] but found [https://test-dynamic-usgbc.pantheonsite.io/usgbc/payment]">
      <![CDATA[java.lang.Error: expected [https://test-dynamic-usgbc.pantheonsite.io/notauthorized] but found [https://test-dynamic-usgbc.pantheonsite.io/usgbc/payment]
	at com.usgbc.dev.business.UsgbcCore.UsgbcCoreForm(UsgbcCore.java:80)
	at com.usgbc.dev.regression.UsgbcCoreTest.testUsgbcCore(UsgbcCoreTest.java:26)
... Removed 38 stack frames]]>
    </failure>
  </testcase> <!-- testUsgbcCore -->
  <testcase name="testLoggedUser" time="11.77" classname="com.usgbc.dev.regression.LoggedUserTest"/>
  <testcase name="testLoggedUser2" time="38.073" classname="com.usgbc.dev.regression.LoggedUserTest">
    <failure type="java.lang.Error" message="Unable to locate element: {&amp;quot;method&amp;quot;:&amp;quot;link text&amp;quot;,&amp;quot;selector&amp;quot;:&amp;quot;Community Registration&amp;quot;}
Command duration or timeout: 17 milliseconds
For documentation on this error, please visit: http://seleniumhq.org/exceptions/no_such_element.html
Build info: version: &amp;apos;2.53.1&amp;apos;, revision: &amp;apos;a36b8b1cd5757287168e54b817830adce9b0158d&amp;apos;, time: &amp;apos;2016-06-30 19:26:09&amp;apos;
System info: host: &amp;apos;G10GGNLT049&amp;apos;, ip: &amp;apos;192.168.56.1&amp;apos;, os.name: &amp;apos;Windows 10&amp;apos;, os.arch: &amp;apos;amd64&amp;apos;, os.version: &amp;apos;10.0&amp;apos;, java.version: &amp;apos;1.8.0_131&amp;apos;
Driver info: org.openqa.selenium.firefox.FirefoxDriver
Capabilities [{applicationCacheEnabled=true, rotatable=false, handlesAlerts=true, databaseEnabled=true, version=47.0.1, platform=WINDOWS, nativeEvents=false, acceptSslCerts=true, webStorageEnabled=true, locationContextEnabled=true, browserName=firefox, takesScreenshot=true, javascriptEnabled=true, cssSelectorsEnabled=true}]
Session ID: 0da966e9-dfff-4d99-834f-e542de884e3a
*** Element info: {Using=link text, value=Community Registration}">
      <![CDATA[java.lang.Error: Unable to locate element: {"method":"link text","selector":"Community Registration"}
Command duration or timeout: 17 milliseconds
For documentation on this error, please visit: http://seleniumhq.org/exceptions/no_such_element.html
Build info: version: '2.53.1', revision: 'a36b8b1cd5757287168e54b817830adce9b0158d', time: '2016-06-30 19:26:09'
System info: host: 'G10GGNLT049', ip: '192.168.56.1', os.name: 'Windows 10', os.arch: 'amd64', os.version: '10.0', java.version: '1.8.0_131'
Driver info: org.openqa.selenium.firefox.FirefoxDriver
Capabilities [{applicationCacheEnabled=true, rotatable=false, handlesAlerts=true, databaseEnabled=true, version=47.0.1, platform=WINDOWS, nativeEvents=false, acceptSslCerts=true, webStorageEnabled=true, locationContextEnabled=true, browserName=firefox, takesScreenshot=true, javascriptEnabled=true, cssSelectorsEnabled=true}]
Session ID: 0da966e9-dfff-4d99-834f-e542de884e3a
*** Element info: {Using=link text, value=Community Registration}
	at org.openqa.selenium.remote.ErrorHandler.createThrowable(ErrorHandler.java:206)
	at org.openqa.selenium.remote.ErrorHandler.throwIfResponseFailed(ErrorHandler.java:158)
	at org.openqa.selenium.remote.RemoteWebDriver.execute(RemoteWebDriver.java:678)
	at org.openqa.selenium.remote.RemoteWebDriver.findElement(RemoteWebDriver.java:363)
	at org.openqa.selenium.remote.RemoteWebDriver.findElementByLinkText(RemoteWebDriver.java:428)
	at org.openqa.selenium.By$ByLinkText.findElement(By.java:246)
	at org.openqa.selenium.remote.RemoteWebDriver.findElement(RemoteWebDriver.java:355)
	at com.usgbc.dev.page.UsgbcWebLocators.getCommunityRegistration(UsgbcWebLocators.java:261)
	at com.usgbc.dev.business.LoggedUser.loggedUserVerification2(LoggedUser.java:39)
	at com.usgbc.dev.regression.LoggedUserTest.testLoggedUser2(LoggedUserTest.java:47)
... Removed 37 stack frames]]>
    </failure>
  </testcase> <!-- testLoggedUser2 -->
  <testcase name="testErrorMessagesCommReg" time="25.84" classname="com.usgbc.dev.regression.ErrorMessageCommRegTest"/>
  <testcase name="testErrorMessagesCommRegCondition2" time="30.984" classname="com.usgbc.dev.regression.ErrorMessageCommRegTest"/>
  <testcase name="testErrorMessagesCommRegCondition3" time="32.044" classname="com.usgbc.dev.regression.ErrorMessageCommRegTest"/>
  <testcase name="testUsgbcStore" time="11.775" classname="com.usgbc.dev.regression.UsgbcStoreTest"/>
  <testcase name="testUsgbcStoreGreen" time="199.922" classname="com.usgbc.dev.regression.UsgbcStoreTest"/>
  <testcase name="testUsgbcStoreGreen2" time="168.164" classname="com.usgbc.dev.regression.UsgbcStoreTest"/>
  <testcase name="testUsgbcStoreLEED" time="139.712" classname="com.usgbc.dev.regression.UsgbcStoreTest"/>
  <testcase name="testUsgbcStoreLEED2" time="141.495" classname="com.usgbc.dev.regression.UsgbcStoreTest"/>
  <testcase name="testShoppingCartLink" time="30.994" classname="com.usgbc.dev.regression.StoreTest"/>
  <testcase name="testShoppingCartLink2" time="22.82" classname="com.usgbc.dev.regression.StoreTest"/>
  <testcase name="testShoppingCartLink3" time="27.588" classname="com.usgbc.dev.regression.StoreTest"/>
  <testcase name="testStoreGreen" time="132.244" classname="com.usgbc.dev.regression.StoreTest"/>
  <testcase name="testStoreLEED" time="47.439" classname="com.usgbc.dev.regression.StoreTest">
    <failure type="java.lang.Error" message="Unable to locate element: {&amp;quot;method&amp;quot;:&amp;quot;id&amp;quot;,&amp;quot;selector&amp;quot;:&amp;quot;edit-attention-to&amp;quot;}
Command duration or timeout: 18 milliseconds
For documentation on this error, please visit: http://seleniumhq.org/exceptions/no_such_element.html
Build info: version: &amp;apos;2.53.1&amp;apos;, revision: &amp;apos;a36b8b1cd5757287168e54b817830adce9b0158d&amp;apos;, time: &amp;apos;2016-06-30 19:26:09&amp;apos;
System info: host: &amp;apos;G10GGNLT049&amp;apos;, ip: &amp;apos;192.168.56.1&amp;apos;, os.name: &amp;apos;Windows 10&amp;apos;, os.arch: &amp;apos;amd64&amp;apos;, os.version: &amp;apos;10.0&amp;apos;, java.version: &amp;apos;1.8.0_131&amp;apos;
Driver info: org.openqa.selenium.firefox.FirefoxDriver
Capabilities [{applicationCacheEnabled=true, rotatable=false, handlesAlerts=true, databaseEnabled=true, version=47.0.1, platform=WINDOWS, nativeEvents=false, acceptSslCerts=true, webStorageEnabled=true, locationContextEnabled=true, browserName=firefox, takesScreenshot=true, javascriptEnabled=true, cssSelectorsEnabled=true}]
Session ID: 547570ce-d677-4e3b-b0de-7b4419ff23b2
*** Element info: {Using=id, value=edit-attention-to}">
      <![CDATA[java.lang.Error: Unable to locate element: {"method":"id","selector":"edit-attention-to"}
Command duration or timeout: 18 milliseconds
For documentation on this error, please visit: http://seleniumhq.org/exceptions/no_such_element.html
Build info: version: '2.53.1', revision: 'a36b8b1cd5757287168e54b817830adce9b0158d', time: '2016-06-30 19:26:09'
System info: host: 'G10GGNLT049', ip: '192.168.56.1', os.name: 'Windows 10', os.arch: 'amd64', os.version: '10.0', java.version: '1.8.0_131'
Driver info: org.openqa.selenium.firefox.FirefoxDriver
Capabilities [{applicationCacheEnabled=true, rotatable=false, handlesAlerts=true, databaseEnabled=true, version=47.0.1, platform=WINDOWS, nativeEvents=false, acceptSslCerts=true, webStorageEnabled=true, locationContextEnabled=true, browserName=firefox, takesScreenshot=true, javascriptEnabled=true, cssSelectorsEnabled=true}]
Session ID: 547570ce-d677-4e3b-b0de-7b4419ff23b2
*** Element info: {Using=id, value=edit-attention-to}
	at org.openqa.selenium.remote.ErrorHandler.createThrowable(ErrorHandler.java:206)
	at org.openqa.selenium.remote.ErrorHandler.throwIfResponseFailed(ErrorHandler.java:158)
	at org.openqa.selenium.remote.RemoteWebDriver.execute(RemoteWebDriver.java:678)
	at org.openqa.selenium.remote.RemoteWebDriver.findElement(RemoteWebDriver.java:363)
	at org.openqa.selenium.remote.RemoteWebDriver.findElementById(RemoteWebDriver.java:413)
	at org.openqa.selenium.By$ById.findElement(By.java:218)
	at org.openqa.selenium.remote.RemoteWebDriver.findElement(RemoteWebDriver.java:355)
	at org.openqa.selenium.support.pagefactory.DefaultElementLocator.findElement(DefaultElementLocator.java:69)
	at org.openqa.selenium.support.pagefactory.internal.LocatingElementHandler.invoke(LocatingElementHandler.java:38)
	at com.sun.proxy.$Proxy5.sendKeys(Unknown Source)
	at com.usgbc.dev.page.UsgbcWebLocators.contact_store(UsgbcWebLocators.java:393)
	at com.usgbc.utility.ReusableMethods.Contact_Form(ReusableMethods.java:27)
	at com.usgbc.dev.business.Store.StoreModuleLEED(Store.java:73)
	at com.usgbc.dev.regression.StoreTest.testStoreLEED(StoreTest.java:46)
... Removed 37 stack frames]]>
    </failure>
  </testcase> <!-- testStoreLEED -->
  <testcase name="testMembership" time="87.241" classname="com.usgbc.dev.regression.MembershipTest"/>
</testsuite> <!-- Test -->
