<!DOCTYPE html PUBLIC "-//W3C//DTD XHTML 1.1//EN" "http://www.w3.org/TR/xhtml11/DTD/xhtml11.dtd">
<html xmlns="http://www.w3.org/1999/xhtml"><head><title>TestNG Report</title><style type="text/css">table {margin-bottom:10px;border-collapse:collapse;empty-cells:show}th,td {border:1px solid #009;padding:.25em .5em}th {vertical-align:bottom}td {vertical-align:top}table a {font-weight:bold}.stripe td {background-color: #E6EBF9}.num {text-align:right}.passedodd td {background-color: #3F3}.passedeven td {background-color: #0A0}.skippedodd td {background-color: #DDD}.skippedeven td {background-color: #CCC}.failedodd td,.attn {background-color: #F33}.failedeven td,.stripe .attn {background-color: #D00}.stacktrace {white-space:pre;font-family:monospace}.totop {font-size:85%;text-align:center;border-bottom:2px solid #000}</style></head><body><table><tr><th>Test</th><th># Passed</th><th># Skipped</th><th># Failed</th><th>Time (ms)</th><th>Included Groups</th><th>Excluded Groups</th></tr><tr><th colspan="7">Suite</th></tr><tr><td><a href="#t0">Test</a></td><td class="num">13</td><td class="num attn">3</td><td class="num attn">4</td><td class="num">1,066,119</td><td></td><td></td></tr></table><table><thead><tr><th>Class</th><th>Method</th><th>Start</th><th>Time (ms)</th></tr></thead><tbody><tr><th colspan="4">Suite</th></tr></tbody><tbody id="t0"><tr><th colspan="4">Test &#8212; failed (configuration methods)</th></tr><tr class="failedeven"><td rowspan="1">com.usgbc.dev.regression.StoreTest</td><td><a href="#m0">closeDriver</a></td><td rowspan="1">1509600730857</td><td rowspan="1">0</td></tr><tr><th colspan="4">Test &#8212; failed</th></tr><tr class="failedeven"><td rowspan="1">com.usgbc.dev.regression.LoggedUserTest</td><td><a href="#m1">testLoggedUser2</a></td><td rowspan="1">1509599841019</td><td rowspan="1">21368</td></tr><tr class="failedodd"><td rowspan="1">com.usgbc.dev.regression.StoreTest</td><td><a href="#m2">testStoreGreen</a></td><td rowspan="1">1509600559233</td><td rowspan="1">171623</td></tr><tr class="failedeven"><td rowspan="1">com.usgbc.dev.regression.UsgbcCoreTest</td><td><a href="#m3">testUsgbcCore</a></td><td rowspan="1">1509599727898</td><td rowspan="1">93621</td></tr><tr class="failedodd"><td rowspan="1">com.usgbc.dev.regression.UsgbcStoreTest</td><td><a href="#m4">testUsgbcStoreGreen2</a></td><td rowspan="1">1509600142873</td><td rowspan="1">8893</td></tr><tr><th colspan="4">Test &#8212; skipped (configuration methods)</th></tr><tr class="skippedeven"><td rowspan="2">com.usgbc.dev.regression.MembershipTest</td><td><a href="#m5">closeDriver</a></td><td rowspan="1">1509600731882</td><td rowspan="1">0</td></tr><tr class="skippedeven"><td><a href="#m6">getDriver</a></td><td rowspan="1">1509600731882</td><td rowspan="1">0</td></tr><tr class="skippedodd"><td rowspan="4">com.usgbc.dev.regression.StoreTest</td><td><a href="#m7">closeDriver</a></td><td rowspan="2">1509600731882</td><td rowspan="2">0</td></tr><tr class="skippedodd"><td><a href="#m8">closeDriver</a></td></tr><tr class="skippedodd"><td><a href="#m9">getDriver</a></td><td rowspan="2">1509600731882</td><td rowspan="2">0</td></tr><tr class="skippedodd"><td><a href="#m10">getDriver</a></td></tr><tr><th colspan="4">Test &#8212; skipped</th></tr><tr class="skippedeven"><td rowspan="1">com.usgbc.dev.regression.MembershipTest</td><td><a href="#m11">testMembership</a></td><td rowspan="1">1509600731882</td><td rowspan="1">0</td></tr><tr class="skippedodd"><td rowspan="2">com.usgbc.dev.regression.StoreTest</td><td><a href="#m12">testStoreLEED</a></td><td rowspan="1">1509600731881</td><td rowspan="1">0</td></tr><tr class="skippedodd"><td><a href="#m13">testStoreLEEDandGreen</a></td><td rowspan="1">1509600731882</td><td rowspan="1">0</td></tr><tr><th colspan="4">Test &#8212; passed</th></tr><tr class="passedeven"><td rowspan="1">com.usgbc.dev.regression.CommunityRegistrationCountryFieldTest</td><td><a href="#m14">testCommunityRegistrationCountryField</a></td><td rowspan="1">1509599721599</td><td rowspan="1">0</td></tr><tr class="passedodd"><td rowspan="1">com.usgbc.dev.regression.CommunityRegistrationTest</td><td><a href="#m15">testCommunityRegistration</a></td><td rowspan="1">1509599676371</td><td rowspan="1">37053</td></tr><tr class="passedeven"><td rowspan="3">com.usgbc.dev.regression.ErrorMessageCommRegTest</td><td><a href="#m16">testErrorMessagesCommReg</a></td><td rowspan="1">1509599868657</td><td rowspan="1">11287</td></tr><tr class="passedeven"><td><a href="#m17">testErrorMessagesCommRegCondition2</a></td><td rowspan="1">1509599885490</td><td rowspan="1">14006</td></tr><tr class="passedeven"><td><a href="#m18">testErrorMessagesCommRegCondition3</a></td><td rowspan="1">1509599905098</td><td rowspan="1">16863</td></tr><tr class="passedodd"><td rowspan="1">com.usgbc.dev.regression.LoggedUserTest</td><td><a href="#m19">testLoggedUser</a></td><td rowspan="1">1509599827731</td><td rowspan="1">7869</td></tr><tr class="passedeven"><td rowspan="3">com.usgbc.dev.regression.StoreTest</td><td><a href="#m20">testShoppingCartLink</a></td><td rowspan="1">1509600472764</td><td rowspan="1">27267</td></tr><tr class="passedeven"><td><a href="#m21">testShoppingCartLink2</a></td><td rowspan="1">1509600505990</td><td rowspan="1">19039</td></tr><tr class="passedeven"><td><a href="#m22">testShoppingCartLink3</a></td><td rowspan="1">1509600531160</td><td rowspan="1">22306</td></tr><tr class="passedodd"><td rowspan="4">com.usgbc.dev.regression.UsgbcStoreTest</td><td><a href="#m23">testUsgbcStore</a></td><td rowspan="1">1509599928157</td><td rowspan="1">9747</td></tr><tr class="passedodd"><td><a href="#m24">testUsgbcStoreGreen</a></td><td rowspan="1">1509599943882</td><td rowspan="1">192822</td></tr><tr class="passedodd"><td><a href="#m25">testUsgbcStoreLEED</a></td><td rowspan="1">1509600157700</td><td rowspan="1">167576</td></tr><tr class="passedodd"><td><a href="#m26">testUsgbcStoreLEED2</a></td><td rowspan="1">1509600331577</td><td rowspan="1">135321</td></tr></tbody></table><h2>Test</h2><h3 id="m0">com.usgbc.dev.regression.StoreTest#closeDriver</h3><table class="result"><tr class="param"><th>Parameter #1</th></tr><tr class="param stripe"><td>[TestResult name=testStoreGreen status=FAILURE method=StoreTest.testStoreGreen()[pri:0, instance:com.usgbc.dev.regression.StoreTest@735b478] output={null}]</td></tr><tr><th>Exception</th></tr><tr><td><div class="stacktrace">org.openqa.selenium.remote.UnreachableBrowserException: Error communicating with the remote browser. It may have died.
Build info: version: &apos;2.53.1&apos;, revision: &apos;a36b8b1cd5757287168e54b817830adce9b0158d&apos;, time: &apos;2016-06-30 19:26:09&apos;
System info: host: &apos;G10GGNLT049&apos;, ip: &apos;192.168.56.1&apos;, os.name: &apos;Windows 10&apos;, os.arch: &apos;amd64&apos;, os.version: &apos;10.0&apos;, java.version: &apos;1.8.0_131&apos;
Driver info: driver.version: FirefoxDriver
Capabilities [{applicationCacheEnabled=true, rotatable=false, handlesAlerts=true, databaseEnabled=true, version=47.0.1, platform=WINDOWS, nativeEvents=false, acceptSslCerts=true, webStorageEnabled=true, locationContextEnabled=true, browserName=firefox, takesScreenshot=true, javascriptEnabled=true, cssSelectorsEnabled=true}]
Session ID: 7540bea2-559c-465f-83df-6059f5035294
	at org.openqa.selenium.remote.RemoteWebDriver.execute(RemoteWebDriver.java:665)
	at org.openqa.selenium.remote.RemoteWebDriver.execute(RemoteWebDriver.java:701)
	at org.openqa.selenium.firefox.FirefoxDriver.getScreenshotAs(FirefoxDriver.java:341)
	at com.usgbc.utility.Report.afterMethod(Report.java:67)
	at com.usgbc.utility.Base.closeDriver(Base.java:74)
Caused by: org.apache.http.conn.HttpHostConnectException: Connect to 127.0.0.1:7055 [/127.0.0.1] failed: Connection refused: connect
	at org.apache.http.impl.conn.DefaultHttpClientConnectionOperator.connect(DefaultHttpClientConnectionOperator.java:151)
	at org.apache.http.impl.conn.PoolingHttpClientConnectionManager.connect(PoolingHttpClientConnectionManager.java:353)
	at org.apache.http.impl.execchain.MainClientExec.establishRoute(MainClientExec.java:380)
	at org.apache.http.impl.execchain.MainClientExec.execute(MainClientExec.java:236)
	at org.apache.http.impl.execchain.ProtocolExec.execute(ProtocolExec.java:184)
	at org.apache.http.impl.execchain.RetryExec.execute(RetryExec.java:88)
	at org.apache.http.impl.execchain.RedirectExec.execute(RedirectExec.java:110)
	at org.apache.http.impl.client.InternalHttpClient.doExecute(InternalHttpClient.java:184)
	at org.apache.http.impl.client.CloseableHttpClient.execute(CloseableHttpClient.java:71)
	at org.apache.http.impl.client.CloseableHttpClient.execute(CloseableHttpClient.java:55)
	at org.openqa.selenium.remote.internal.ApacheHttpClient.fallBackExecute(ApacheHttpClient.java:144)
	at org.openqa.selenium.remote.internal.ApacheHttpClient.execute(ApacheHttpClient.java:90)
	at org.openqa.selenium.remote.HttpCommandExecutor.execute(HttpCommandExecutor.java:142)
	at org.openqa.selenium.firefox.internal.NewProfileExtensionConnection.execute(NewProfileExtensionConnection.java:160)
	at org.openqa.selenium.firefox.FirefoxDriver$LazyCommandExecutor.execute(FirefoxDriver.java:380)
	at org.openqa.selenium.remote.RemoteWebDriver.execute(RemoteWebDriver.java:644)
	... 38 more
Caused by: java.net.ConnectException: Connection refused: connect
	at java.net.DualStackPlainSocketImpl.waitForConnect(Native Method)
	at java.net.DualStackPlainSocketImpl.socketConnect(DualStackPlainSocketImpl.java:85)
	at java.net.AbstractPlainSocketImpl.doConnect(AbstractPlainSocketImpl.java:350)
	at java.net.AbstractPlainSocketImpl.connectToAddress(AbstractPlainSocketImpl.java:206)
	at java.net.AbstractPlainSocketImpl.connect(AbstractPlainSocketImpl.java:188)
	at java.net.PlainSocketImpl.connect(PlainSocketImpl.java:172)
	at java.net.SocksSocketImpl.connect(SocksSocketImpl.java:392)
	at java.net.Socket.connect(Socket.java:589)
	at org.apache.http.conn.socket.PlainConnectionSocketFactory.connectSocket(PlainConnectionSocketFactory.java:74)
	at org.apache.http.impl.conn.DefaultHttpClientConnectionOperator.connect(DefaultHttpClientConnectionOperator.java:134)
	... 53 more
... Removed 34 stack frames</div></td></tr></table><p class="totop"><a href="#summary">back to summary</a></p><h3 id="m1">com.usgbc.dev.regression.LoggedUserTest#testLoggedUser2</h3><table class="result"><tr><th>Exception</th></tr><tr><td><div class="stacktrace">java.lang.Error: Unable to locate element: {&quot;method&quot;:&quot;link text&quot;,&quot;selector&quot;:&quot;Community Registration&quot;}
Command duration or timeout: 37 milliseconds
For documentation on this error, please visit: http://seleniumhq.org/exceptions/no_such_element.html
Build info: version: &apos;2.53.1&apos;, revision: &apos;a36b8b1cd5757287168e54b817830adce9b0158d&apos;, time: &apos;2016-06-30 19:26:09&apos;
System info: host: &apos;G10GGNLT049&apos;, ip: &apos;192.168.56.1&apos;, os.name: &apos;Windows 10&apos;, os.arch: &apos;amd64&apos;, os.version: &apos;10.0&apos;, java.version: &apos;1.8.0_131&apos;
Driver info: org.openqa.selenium.firefox.FirefoxDriver
Capabilities [{applicationCacheEnabled=true, rotatable=false, handlesAlerts=true, databaseEnabled=true, version=47.0.1, platform=WINDOWS, nativeEvents=false, acceptSslCerts=true, webStorageEnabled=true, locationContextEnabled=true, browserName=firefox, takesScreenshot=true, javascriptEnabled=true, cssSelectorsEnabled=true}]
Session ID: c77e76c3-ce5f-48b0-a77e-3e15ed663c74
*** Element info: {Using=link text, value=Community Registration}
	at org.openqa.selenium.remote.ErrorHandler.createThrowable(ErrorHandler.java:206)
	at org.openqa.selenium.remote.ErrorHandler.throwIfResponseFailed(ErrorHandler.java:158)
	at org.openqa.selenium.remote.RemoteWebDriver.execute(RemoteWebDriver.java:678)
	at org.openqa.selenium.remote.RemoteWebDriver.findElement(RemoteWebDriver.java:363)
	at org.openqa.selenium.remote.RemoteWebDriver.findElementByLinkText(RemoteWebDriver.java:428)
	at org.openqa.selenium.By$ByLinkText.findElement(By.java:246)
	at org.openqa.selenium.remote.RemoteWebDriver.findElement(RemoteWebDriver.java:355)
	at com.usgbc.dev.page.UsgbcWebLocators.getCommunityRegistration(UsgbcWebLocators.java:295)
	at com.usgbc.dev.business.LoggedUser.loggedUserVerification2(LoggedUser.java:39)
	at com.usgbc.dev.regression.LoggedUserTest.testLoggedUser2(LoggedUserTest.java:47)
... Removed 37 stack frames</div></td></tr></table><p class="totop"><a href="#summary">back to summary</a></p><h3 id="m2">com.usgbc.dev.regression.StoreTest#testStoreGreen</h3><table class="result"><tr><th>Exception</th></tr><tr><td><div class="stacktrace">java.lang.Error: Error communicating with the remote browser. It may have died.
Build info: version: &apos;2.53.1&apos;, revision: &apos;a36b8b1cd5757287168e54b817830adce9b0158d&apos;, time: &apos;2016-06-30 19:26:09&apos;
System info: host: &apos;G10GGNLT049&apos;, ip: &apos;192.168.56.1&apos;, os.name: &apos;Windows 10&apos;, os.arch: &apos;amd64&apos;, os.version: &apos;10.0&apos;, java.version: &apos;1.8.0_131&apos;
Driver info: driver.version: RemoteWebDriver
Capabilities [{applicationCacheEnabled=true, rotatable=false, handlesAlerts=true, databaseEnabled=true, version=47.0.1, platform=WINDOWS, nativeEvents=false, acceptSslCerts=true, webStorageEnabled=true, locationContextEnabled=true, browserName=firefox, takesScreenshot=true, javascriptEnabled=true, cssSelectorsEnabled=true}]
Session ID: 7540bea2-559c-465f-83df-6059f5035294
	at org.openqa.selenium.remote.RemoteWebDriver.execute(RemoteWebDriver.java:665)
	at org.openqa.selenium.remote.RemoteWebDriver.execute(RemoteWebDriver.java:701)
	at org.openqa.selenium.remote.RemoteWebDriver.getCurrentUrl(RemoteWebDriver.java:326)
	at com.usgbc.utility.ReusableMethods.receiptdownload(ReusableMethods.java:103)
	at com.usgbc.utility.ReusableMethods.contactPaymentReceipt(ReusableMethods.java:158)
	at com.usgbc.dev.business.Store.StoreModuleGreen(Store.java:41)
	at com.usgbc.dev.regression.StoreTest.testStoreGreen(StoreTest.java:24)
... Removed 33 stack frames</div></td></tr></table><p class="totop"><a href="#summary">back to summary</a></p><h3 id="m3">com.usgbc.dev.regression.UsgbcCoreTest#testUsgbcCore</h3><table class="result"><tr><th>Exception</th></tr><tr><td><div class="stacktrace">java.lang.Error: Unable to locate element: {&quot;method&quot;:&quot;link text&quot;,&quot;selector&quot;:&quot;Community Registration&quot;}
Command duration or timeout: 17 milliseconds
For documentation on this error, please visit: http://seleniumhq.org/exceptions/no_such_element.html
Build info: version: &apos;2.53.1&apos;, revision: &apos;a36b8b1cd5757287168e54b817830adce9b0158d&apos;, time: &apos;2016-06-30 19:26:09&apos;
System info: host: &apos;G10GGNLT049&apos;, ip: &apos;192.168.56.1&apos;, os.name: &apos;Windows 10&apos;, os.arch: &apos;amd64&apos;, os.version: &apos;10.0&apos;, java.version: &apos;1.8.0_131&apos;
Driver info: org.openqa.selenium.firefox.FirefoxDriver
Capabilities [{applicationCacheEnabled=true, rotatable=false, handlesAlerts=true, databaseEnabled=true, version=47.0.1, platform=WINDOWS, nativeEvents=false, acceptSslCerts=true, webStorageEnabled=true, locationContextEnabled=true, browserName=firefox, takesScreenshot=true, javascriptEnabled=true, cssSelectorsEnabled=true}]
Session ID: 8fe66de2-9497-400f-9bb3-269a6e7467fb
*** Element info: {Using=link text, value=Community Registration}
	at org.openqa.selenium.remote.ErrorHandler.createThrowable(ErrorHandler.java:206)
	at org.openqa.selenium.remote.ErrorHandler.throwIfResponseFailed(ErrorHandler.java:158)
	at org.openqa.selenium.remote.RemoteWebDriver.execute(RemoteWebDriver.java:678)
	at org.openqa.selenium.remote.RemoteWebDriver.findElement(RemoteWebDriver.java:363)
	at org.openqa.selenium.remote.RemoteWebDriver.findElementByLinkText(RemoteWebDriver.java:428)
	at org.openqa.selenium.By$ByLinkText.findElement(By.java:246)
	at org.openqa.selenium.remote.RemoteWebDriver.findElement(RemoteWebDriver.java:355)
	at com.usgbc.dev.page.UsgbcWebLocators.getCommunityRegistration(UsgbcWebLocators.java:295)
	at com.usgbc.dev.business.UsgbcCore.receiptdownload(UsgbcCore.java:24)
	at com.usgbc.dev.business.UsgbcCore.UsgbcCoreForm(UsgbcCore.java:85)
	at com.usgbc.dev.regression.UsgbcCoreTest.testUsgbcCore(UsgbcCoreTest.java:26)
... Removed 37 stack frames</div></td></tr></table><p class="totop"><a href="#summary">back to summary</a></p><h3 id="m4">com.usgbc.dev.regression.UsgbcStoreTest#testUsgbcStoreGreen2</h3><table class="result"><tr><th>Exception</th></tr><tr><td><div class="stacktrace">org.openqa.selenium.StaleElementReferenceException: Element not found in the cache - perhaps the page has changed since it was looked up
Command duration or timeout: 1.13 seconds
For documentation on this error, please visit: http://seleniumhq.org/exceptions/stale_element_reference.html
Build info: version: &apos;2.53.1&apos;, revision: &apos;a36b8b1cd5757287168e54b817830adce9b0158d&apos;, time: &apos;2016-06-30 19:26:09&apos;
System info: host: &apos;G10GGNLT049&apos;, ip: &apos;192.168.56.1&apos;, os.name: &apos;Windows 10&apos;, os.arch: &apos;amd64&apos;, os.version: &apos;10.0&apos;, java.version: &apos;1.8.0_131&apos;
Driver info: org.openqa.selenium.firefox.FirefoxDriver
Capabilities [{applicationCacheEnabled=true, rotatable=false, handlesAlerts=true, databaseEnabled=true, version=47.0.1, platform=WINDOWS, nativeEvents=false, acceptSslCerts=true, webStorageEnabled=true, locationContextEnabled=true, browserName=firefox, takesScreenshot=true, javascriptEnabled=true, cssSelectorsEnabled=true}]
Session ID: 47299bcb-7c49-40ef-90d8-3d9b580db37b
	at org.openqa.selenium.remote.ErrorHandler.createThrowable(ErrorHandler.java:206)
	at org.openqa.selenium.remote.ErrorHandler.throwIfResponseFailed(ErrorHandler.java:158)
	at org.openqa.selenium.remote.RemoteWebDriver.execute(RemoteWebDriver.java:678)
	at org.openqa.selenium.remote.RemoteWebElement.execute(RemoteWebElement.java:327)
	at org.openqa.selenium.remote.RemoteWebElement.getAttribute(RemoteWebElement.java:150)
	at com.usgbc.utility.BrokenLink.BrokenLinkCheck(BrokenLink.java:23)
	at com.usgbc.dev.regression.UsgbcStoreTest.testUsgbcStoreGreen2(UsgbcStoreTest.java:67)
Caused by: org.openqa.selenium.StaleElementReferenceException: Element not found in the cache - perhaps the page has changed since it was looked up
For documentation on this error, please visit: http://seleniumhq.org/exceptions/stale_element_reference.html
Build info: version: &apos;2.53.1&apos;, revision: &apos;a36b8b1cd5757287168e54b817830adce9b0158d&apos;, time: &apos;2016-06-30 19:26:09&apos;
System info: host: &apos;G10GGNLT049&apos;, ip: &apos;192.168.56.1&apos;, os.name: &apos;Windows 10&apos;, os.arch: &apos;amd64&apos;, os.version: &apos;10.0&apos;, java.version: &apos;1.8.0_131&apos;
Driver info: driver.version: unknown
	at &lt;anonymous class&gt;.fxdriver.cache.getElementAt(resource://fxdriver/modules/web-element-cache.js:9454)
	at &lt;anonymous class&gt;.Utils.getElementAt(file:///C:/Users/Groupten/AppData/Local/Temp/anonymous678947685884169632webdriver-profile/extensions/fxdriver@googlecode.com/components/command-processor.js:9039)
	at &lt;anonymous class&gt;.WebElement.getElementAttribute(file:///C:/Users/Groupten/AppData/Local/Temp/anonymous678947685884169632webdriver-profile/extensions/fxdriver@googlecode.com/components/command-processor.js:12146)
	at &lt;anonymous class&gt;.DelayedCommand.prototype.executeInternal_/h(file:///C:/Users/Groupten/AppData/Local/Temp/anonymous678947685884169632webdriver-profile/extensions/fxdriver@googlecode.com/components/command-processor.js:12661)
	at &lt;anonymous class&gt;.DelayedCommand.prototype.executeInternal_(file:///C:/Users/Groupten/AppData/Local/Temp/anonymous678947685884169632webdriver-profile/extensions/fxdriver@googlecode.com/components/command-processor.js:12666)
	at &lt;anonymous class&gt;.DelayedCommand.prototype.execute/&lt;(file:///C:/Users/Groupten/AppData/Local/Temp/anonymous678947685884169632webdriver-profile/extensions/fxdriver@googlecode.com/components/command-processor.js:12608)
... Removed 37 stack frames</div></td></tr></table><p class="totop"><a href="#summary">back to summary</a></p><h3 id="m5">com.usgbc.dev.regression.MembershipTest#closeDriver</h3><table class="result"></table><p class="totop"><a href="#summary">back to summary</a></p><h3 id="m6">com.usgbc.dev.regression.MembershipTest#getDriver</h3><table class="result"></table><p class="totop"><a href="#summary">back to summary</a></p><h3 id="m7">com.usgbc.dev.regression.StoreTest#closeDriver</h3><table class="result"></table><p class="totop"><a href="#summary">back to summary</a></p><h3 id="m8">com.usgbc.dev.regression.StoreTest#closeDriver</h3><table class="result"></table><p class="totop"><a href="#summary">back to summary</a></p><h3 id="m9">com.usgbc.dev.regression.StoreTest#getDriver</h3><table class="result"></table><p class="totop"><a href="#summary">back to summary</a></p><h3 id="m10">com.usgbc.dev.regression.StoreTest#getDriver</h3><table class="result"></table><p class="totop"><a href="#summary">back to summary</a></p><h3 id="m11">com.usgbc.dev.regression.MembershipTest#testMembership</h3><table class="result"></table><p class="totop"><a href="#summary">back to summary</a></p><h3 id="m12">com.usgbc.dev.regression.StoreTest#testStoreLEED</h3><table class="result"></table><p class="totop"><a href="#summary">back to summary</a></p><h3 id="m13">com.usgbc.dev.regression.StoreTest#testStoreLEEDandGreen</h3><table class="result"></table><p class="totop"><a href="#summary">back to summary</a></p><h3 id="m14">com.usgbc.dev.regression.CommunityRegistrationCountryFieldTest#testCommunityRegistrationCountryField</h3><table class="result"></table><p class="totop"><a href="#summary">back to summary</a></p><h3 id="m15">com.usgbc.dev.regression.CommunityRegistrationTest#testCommunityRegistration</h3><table class="result"></table><p class="totop"><a href="#summary">back to summary</a></p><h3 id="m16">com.usgbc.dev.regression.ErrorMessageCommRegTest#testErrorMessagesCommReg</h3><table class="result"></table><p class="totop"><a href="#summary">back to summary</a></p><h3 id="m17">com.usgbc.dev.regression.ErrorMessageCommRegTest#testErrorMessagesCommRegCondition2</h3><table class="result"></table><p class="totop"><a href="#summary">back to summary</a></p><h3 id="m18">com.usgbc.dev.regression.ErrorMessageCommRegTest#testErrorMessagesCommRegCondition3</h3><table class="result"></table><p class="totop"><a href="#summary">back to summary</a></p><h3 id="m19">com.usgbc.dev.regression.LoggedUserTest#testLoggedUser</h3><table class="result"></table><p class="totop"><a href="#summary">back to summary</a></p><h3 id="m20">com.usgbc.dev.regression.StoreTest#testShoppingCartLink</h3><table class="result"></table><p class="totop"><a href="#summary">back to summary</a></p><h3 id="m21">com.usgbc.dev.regression.StoreTest#testShoppingCartLink2</h3><table class="result"></table><p class="totop"><a href="#summary">back to summary</a></p><h3 id="m22">com.usgbc.dev.regression.StoreTest#testShoppingCartLink3</h3><table class="result"></table><p class="totop"><a href="#summary">back to summary</a></p><h3 id="m23">com.usgbc.dev.regression.UsgbcStoreTest#testUsgbcStore</h3><table class="result"></table><p class="totop"><a href="#summary">back to summary</a></p><h3 id="m24">com.usgbc.dev.regression.UsgbcStoreTest#testUsgbcStoreGreen</h3><table class="result"></table><p class="totop"><a href="#summary">back to summary</a></p><h3 id="m25">com.usgbc.dev.regression.UsgbcStoreTest#testUsgbcStoreLEED</h3><table class="result"></table><p class="totop"><a href="#summary">back to summary</a></p><h3 id="m26">com.usgbc.dev.regression.UsgbcStoreTest#testUsgbcStoreLEED2</h3><table class="result"></table><p class="totop"><a href="#summary">back to summary</a></p></body></html>