<?xml version="1.0" encoding="UTF-8"?>
<testng-results skipped="3" failed="4" total="20" passed="13">
  <reporter-output>
  </reporter-output>
  <suite name="Suite" duration-ms="1066119" started-at="2017-11-02T05:14:25Z" finished-at="2017-11-02T05:32:11Z">
    <groups>
    </groups>
    <test name="Test" duration-ms="1066119" started-at="2017-11-02T05:14:25Z" finished-at="2017-11-02T05:32:11Z">
      <class name="com.usgbc.dev.regression.StoreTest">
        <test-method status="PASS" signature="getDriver()[pri:0, instance:com.usgbc.dev.regression.StoreTest@735b478]" name="getDriver" is-config="true" duration-ms="4951" started-at="2017-11-02T10:57:47Z" finished-at="2017-11-02T10:57:52Z">
          <reporter-output>
          </reporter-output>
        </test-method> <!-- getDriver -->
        <test-method status="PASS" signature="testShoppingCartLink()[pri:0, instance:com.usgbc.dev.regression.StoreTest@735b478]" name="testShoppingCartLink" duration-ms="27267" started-at="2017-11-02T10:57:52Z" finished-at="2017-11-02T10:58:20Z">
          <reporter-output>
          </reporter-output>
        </test-method> <!-- testShoppingCartLink -->
        <test-method status="PASS" signature="closeDriver(org.testng.ITestResult)[pri:0, instance:com.usgbc.dev.regression.StoreTest@735b478]" name="closeDriver" is-config="true" duration-ms="1011" started-at="2017-11-02T10:58:20Z" finished-at="2017-11-02T10:58:21Z">
          <params>
            <param index="0">
              <value>
                <![CDATA[[TestResult name=testShoppingCartLink status=SUCCESS method=StoreTest.testShoppingCartLink()[pri:0, instance:com.usgbc.dev.regression.StoreTest@735b478] output={null}]]]>
              </value>
            </param>
          </params>
          <reporter-output>
          </reporter-output>
        </test-method> <!-- closeDriver -->
        <test-method status="PASS" signature="getDriver()[pri:0, instance:com.usgbc.dev.regression.StoreTest@735b478]" name="getDriver" is-config="true" duration-ms="4948" started-at="2017-11-02T10:58:21Z" finished-at="2017-11-02T10:58:25Z">
          <reporter-output>
          </reporter-output>
        </test-method> <!-- getDriver -->
        <test-method status="PASS" signature="testShoppingCartLink2()[pri:0, instance:com.usgbc.dev.regression.StoreTest@735b478]" name="testShoppingCartLink2" duration-ms="19039" started-at="2017-11-02T10:58:25Z" finished-at="2017-11-02T10:58:45Z">
          <reporter-output>
          </reporter-output>
        </test-method> <!-- testShoppingCartLink2 -->
        <test-method status="PASS" signature="closeDriver(org.testng.ITestResult)[pri:0, instance:com.usgbc.dev.regression.StoreTest@735b478]" name="closeDriver" is-config="true" duration-ms="871" started-at="2017-11-02T10:58:45Z" finished-at="2017-11-02T10:58:45Z">
          <params>
            <param index="0">
              <value>
                <![CDATA[[TestResult name=testShoppingCartLink2 status=SUCCESS method=StoreTest.testShoppingCartLink2()[pri:0, instance:com.usgbc.dev.regression.StoreTest@735b478] output={null}]]]>
              </value>
            </param>
          </params>
          <reporter-output>
          </reporter-output>
        </test-method> <!-- closeDriver -->
        <test-method status="PASS" signature="getDriver()[pri:0, instance:com.usgbc.dev.regression.StoreTest@735b478]" name="getDriver" is-config="true" duration-ms="5258" started-at="2017-11-02T10:58:45Z" finished-at="2017-11-02T10:58:51Z">
          <reporter-output>
          </reporter-output>
        </test-method> <!-- getDriver -->
        <test-method status="PASS" signature="testShoppingCartLink3()[pri:0, instance:com.usgbc.dev.regression.StoreTest@735b478]" name="testShoppingCartLink3" duration-ms="22306" started-at="2017-11-02T10:58:51Z" finished-at="2017-11-02T10:59:13Z">
          <reporter-output>
          </reporter-output>
        </test-method> <!-- testShoppingCartLink3 -->
        <test-method status="PASS" signature="closeDriver(org.testng.ITestResult)[pri:0, instance:com.usgbc.dev.regression.StoreTest@735b478]" name="closeDriver" is-config="true" duration-ms="713" started-at="2017-11-02T10:59:13Z" finished-at="2017-11-02T10:59:14Z">
          <params>
            <param index="0">
              <value>
                <![CDATA[[TestResult name=testShoppingCartLink3 status=SUCCESS method=StoreTest.testShoppingCartLink3()[pri:0, instance:com.usgbc.dev.regression.StoreTest@735b478] output={null}]]]>
              </value>
            </param>
          </params>
          <reporter-output>
          </reporter-output>
        </test-method> <!-- closeDriver -->
        <test-method status="PASS" signature="getDriver()[pri:0, instance:com.usgbc.dev.regression.StoreTest@735b478]" name="getDriver" is-config="true" duration-ms="5053" started-at="2017-11-02T10:59:14Z" finished-at="2017-11-02T10:59:19Z">
          <reporter-output>
          </reporter-output>
        </test-method> <!-- getDriver -->
        <test-method status="FAIL" signature="testStoreGreen()[pri:0, instance:com.usgbc.dev.regression.StoreTest@735b478]" name="testStoreGreen" duration-ms="171623" started-at="2017-11-02T10:59:19Z" finished-at="2017-11-02T11:02:10Z">
          <exception class="java.lang.Error">
            <message>
              <![CDATA[Error communicating with the remote browser. It may have died.
Build info: version: '2.53.1', revision: 'a36b8b1cd5757287168e54b817830adce9b0158d', time: '2016-06-30 19:26:09'
System info: host: 'G10GGNLT049', ip: '192.168.56.1', os.name: 'Windows 10', os.arch: 'amd64', os.version: '10.0', java.version: '1.8.0_131'
Driver info: driver.version: RemoteWebDriver
Capabilities [{applicationCacheEnabled=true, rotatable=false, handlesAlerts=true, databaseEnabled=true, version=47.0.1, platform=WINDOWS, nativeEvents=false, acceptSslCerts=true, webStorageEnabled=true, locationContextEnabled=true, browserName=firefox, takesScreenshot=true, javascriptEnabled=true, cssSelectorsEnabled=true}]
Session ID: 7540bea2-559c-465f-83df-6059f5035294]]>
            </message>
            <full-stacktrace>
              <![CDATA[java.lang.Error: Error communicating with the remote browser. It may have died.
Build info: version: '2.53.1', revision: 'a36b8b1cd5757287168e54b817830adce9b0158d', time: '2016-06-30 19:26:09'
System info: host: 'G10GGNLT049', ip: '192.168.56.1', os.name: 'Windows 10', os.arch: 'amd64', os.version: '10.0', java.version: '1.8.0_131'
Driver info: driver.version: RemoteWebDriver
Capabilities [{applicationCacheEnabled=true, rotatable=false, handlesAlerts=true, databaseEnabled=true, version=47.0.1, platform=WINDOWS, nativeEvents=false, acceptSslCerts=true, webStorageEnabled=true, locationContextEnabled=true, browserName=firefox, takesScreenshot=true, javascriptEnabled=true, cssSelectorsEnabled=true}]
Session ID: 7540bea2-559c-465f-83df-6059f5035294
	at org.openqa.selenium.remote.RemoteWebDriver.execute(RemoteWebDriver.java:665)
	at org.openqa.selenium.remote.RemoteWebDriver.execute(RemoteWebDriver.java:701)
	at org.openqa.selenium.remote.RemoteWebDriver.getCurrentUrl(RemoteWebDriver.java:326)
	at com.usgbc.utility.ReusableMethods.receiptdownload(ReusableMethods.java:103)
	at com.usgbc.utility.ReusableMethods.contactPaymentReceipt(ReusableMethods.java:158)
	at com.usgbc.dev.business.Store.StoreModuleGreen(Store.java:41)
	at com.usgbc.dev.regression.StoreTest.testStoreGreen(StoreTest.java:24)
	at sun.reflect.NativeMethodAccessorImpl.invoke0(Native Method)
	at sun.reflect.NativeMethodAccessorImpl.invoke(NativeMethodAccessorImpl.java:62)
	at sun.reflect.DelegatingMethodAccessorImpl.invoke(DelegatingMethodAccessorImpl.java:43)
	at java.lang.reflect.Method.invoke(Method.java:498)
	at org.testng.internal.MethodInvocationHelper.invokeMethod(MethodInvocationHelper.java:85)
	at org.testng.internal.Invoker.invokeMethod(Invoker.java:639)
	at org.testng.internal.Invoker.invokeTestMethod(Invoker.java:816)
	at org.testng.internal.Invoker.invokeTestMethods(Invoker.java:1124)
	at org.testng.internal.TestMethodWorker.invokeTestMethods(TestMethodWorker.java:125)
	at org.testng.internal.TestMethodWorker.run(TestMethodWorker.java:108)
	at org.testng.TestRunner.privateRun(TestRunner.java:774)
	at org.testng.TestRunner.run(TestRunner.java:624)
	at org.testng.SuiteRunner.runTest(SuiteRunner.java:359)
	at org.testng.SuiteRunner.runSequentially(SuiteRunner.java:354)
	at org.testng.SuiteRunner.privateRun(SuiteRunner.java:312)
	at org.testng.SuiteRunner.run(SuiteRunner.java:261)
	at org.testng.SuiteRunnerWorker.runSuite(SuiteRunnerWorker.java:52)
	at org.testng.SuiteRunnerWorker.run(SuiteRunnerWorker.java:86)
	at org.testng.TestNG.runSuitesSequentially(TestNG.java:1191)
	at org.testng.TestNG.runSuitesLocally(TestNG.java:1116)
	at org.testng.TestNG.run(TestNG.java:1024)
	at org.apache.maven.surefire.testng.TestNGExecutor.run(TestNGExecutor.java:178)
	at org.apache.maven.surefire.testng.TestNGXmlTestSuite.execute(TestNGXmlTestSuite.java:92)
	at org.apache.maven.surefire.testng.TestNGProvider.invoke(TestNGProvider.java:96)
	at sun.reflect.NativeMethodAccessorImpl.invoke0(Native Method)
	at sun.reflect.NativeMethodAccessorImpl.invoke(NativeMethodAccessorImpl.java:62)
	at sun.reflect.DelegatingMethodAccessorImpl.invoke(DelegatingMethodAccessorImpl.java:43)
	at java.lang.reflect.Method.invoke(Method.java:498)
	at org.apache.maven.surefire.util.ReflectionUtils.invokeMethodWithArray(ReflectionUtils.java:189)
	at org.apache.maven.surefire.booter.ProviderFactory$ProviderProxy.invoke(ProviderFactory.java:165)
	at org.apache.maven.surefire.booter.ProviderFactory.invokeProvider(ProviderFactory.java:85)
	at org.apache.maven.surefire.booter.ForkedBooter.runSuitesInProcess(ForkedBooter.java:113)
	at org.apache.maven.surefire.booter.ForkedBooter.main(ForkedBooter.java:75)
]]>
            </full-stacktrace>
          </exception> <!-- java.lang.Error -->
          <reporter-output>
          </reporter-output>
        </test-method> <!-- testStoreGreen -->
        <test-method status="FAIL" signature="closeDriver(org.testng.ITestResult)[pri:0, instance:com.usgbc.dev.regression.StoreTest@735b478]" name="closeDriver" is-config="true" duration-ms="0" started-at="2017-11-02T11:02:10Z" finished-at="2017-11-02T11:02:10Z">
          <params>
            <param index="0">
              <value>
                <![CDATA[[TestResult name=testStoreGreen status=FAILURE method=StoreTest.testStoreGreen()[pri:0, instance:com.usgbc.dev.regression.StoreTest@735b478] output={null}]]]>
              </value>
            </param>
          </params>
          <exception class="org.openqa.selenium.remote.UnreachableBrowserException">
            <message>
              <![CDATA[Error communicating with the remote browser. It may have died.
Build info: version: '2.53.1', revision: 'a36b8b1cd5757287168e54b817830adce9b0158d', time: '2016-06-30 19:26:09'
System info: host: 'G10GGNLT049', ip: '192.168.56.1', os.name: 'Windows 10', os.arch: 'amd64', os.version: '10.0', java.version: '1.8.0_131'
Driver info: driver.version: FirefoxDriver
Capabilities [{applicationCacheEnabled=true, rotatable=false, handlesAlerts=true, databaseEnabled=true, version=47.0.1, platform=WINDOWS, nativeEvents=false, acceptSslCerts=true, webStorageEnabled=true, locationContextEnabled=true, browserName=firefox, takesScreenshot=true, javascriptEnabled=true, cssSelectorsEnabled=true}]
Session ID: 7540bea2-559c-465f-83df-6059f5035294]]>
            </message>
            <full-stacktrace>
              <![CDATA[org.openqa.selenium.remote.UnreachableBrowserException: Error communicating with the remote browser. It may have died.
Build info: version: '2.53.1', revision: 'a36b8b1cd5757287168e54b817830adce9b0158d', time: '2016-06-30 19:26:09'
System info: host: 'G10GGNLT049', ip: '192.168.56.1', os.name: 'Windows 10', os.arch: 'amd64', os.version: '10.0', java.version: '1.8.0_131'
Driver info: driver.version: FirefoxDriver
Capabilities [{applicationCacheEnabled=true, rotatable=false, handlesAlerts=true, databaseEnabled=true, version=47.0.1, platform=WINDOWS, nativeEvents=false, acceptSslCerts=true, webStorageEnabled=true, locationContextEnabled=true, browserName=firefox, takesScreenshot=true, javascriptEnabled=true, cssSelectorsEnabled=true}]
Session ID: 7540bea2-559c-465f-83df-6059f5035294
	at org.openqa.selenium.remote.RemoteWebDriver.execute(RemoteWebDriver.java:665)
	at org.openqa.selenium.remote.RemoteWebDriver.execute(RemoteWebDriver.java:701)
	at org.openqa.selenium.firefox.FirefoxDriver.getScreenshotAs(FirefoxDriver.java:341)
	at com.usgbc.utility.Report.afterMethod(Report.java:67)
	at com.usgbc.utility.Base.closeDriver(Base.java:74)
	at sun.reflect.GeneratedMethodAccessor34.invoke(Unknown Source)
	at sun.reflect.DelegatingMethodAccessorImpl.invoke(DelegatingMethodAccessorImpl.java:43)
	at java.lang.reflect.Method.invoke(Method.java:498)
	at org.testng.internal.MethodInvocationHelper.invokeMethod(MethodInvocationHelper.java:85)
	at org.testng.internal.Invoker.invokeConfigurationMethod(Invoker.java:510)
	at org.testng.internal.Invoker.invokeConfigurations(Invoker.java:211)
	at org.testng.internal.Invoker.invokeMethod(Invoker.java:703)
	at org.testng.internal.Invoker.invokeTestMethod(Invoker.java:816)
	at org.testng.internal.Invoker.invokeTestMethods(Invoker.java:1124)
	at org.testng.internal.TestMethodWorker.invokeTestMethods(TestMethodWorker.java:125)
	at org.testng.internal.TestMethodWorker.run(TestMethodWorker.java:108)
	at org.testng.TestRunner.privateRun(TestRunner.java:774)
	at org.testng.TestRunner.run(TestRunner.java:624)
	at org.testng.SuiteRunner.runTest(SuiteRunner.java:359)
	at org.testng.SuiteRunner.runSequentially(SuiteRunner.java:354)
	at org.testng.SuiteRunner.privateRun(SuiteRunner.java:312)
	at org.testng.SuiteRunner.run(SuiteRunner.java:261)
	at org.testng.SuiteRunnerWorker.runSuite(SuiteRunnerWorker.java:52)
	at org.testng.SuiteRunnerWorker.run(SuiteRunnerWorker.java:86)
	at org.testng.TestNG.runSuitesSequentially(TestNG.java:1191)
	at org.testng.TestNG.runSuitesLocally(TestNG.java:1116)
	at org.testng.TestNG.run(TestNG.java:1024)
	at org.apache.maven.surefire.testng.TestNGExecutor.run(TestNGExecutor.java:178)
	at org.apache.maven.surefire.testng.TestNGXmlTestSuite.execute(TestNGXmlTestSuite.java:92)
	at org.apache.maven.surefire.testng.TestNGProvider.invoke(TestNGProvider.java:96)
	at sun.reflect.NativeMethodAccessorImpl.invoke0(Native Method)
	at sun.reflect.NativeMethodAccessorImpl.invoke(NativeMethodAccessorImpl.java:62)
	at sun.reflect.DelegatingMethodAccessorImpl.invoke(DelegatingMethodAccessorImpl.java:43)
	at java.lang.reflect.Method.invoke(Method.java:498)
	at org.apache.maven.surefire.util.ReflectionUtils.invokeMethodWithArray(ReflectionUtils.java:189)
	at org.apache.maven.surefire.booter.ProviderFactory$ProviderProxy.invoke(ProviderFactory.java:165)
	at org.apache.maven.surefire.booter.ProviderFactory.invokeProvider(ProviderFactory.java:85)
	at org.apache.maven.surefire.booter.ForkedBooter.runSuitesInProcess(ForkedBooter.java:113)
	at org.apache.maven.surefire.booter.ForkedBooter.main(ForkedBooter.java:75)
Caused by: org.apache.http.conn.HttpHostConnectException: Connect to 127.0.0.1:7055 [/127.0.0.1] failed: Connection refused: connect
	at org.apache.http.impl.conn.DefaultHttpClientConnectionOperator.connect(DefaultHttpClientConnectionOperator.java:151)
	at org.apache.http.impl.conn.PoolingHttpClientConnectionManager.connect(PoolingHttpClientConnectionManager.java:353)
	at org.apache.http.impl.execchain.MainClientExec.establishRoute(MainClientExec.java:380)
	at org.apache.http.impl.execchain.MainClientExec.execute(MainClientExec.java:236)
	at org.apache.http.impl.execchain.ProtocolExec.execute(ProtocolExec.java:184)
	at org.apache.http.impl.execchain.RetryExec.execute(RetryExec.java:88)
	at org.apache.http.impl.execchain.RedirectExec.execute(RedirectExec.java:110)
	at org.apache.http.impl.client.InternalHttpClient.doExecute(InternalHttpClient.java:184)
	at org.apache.http.impl.client.CloseableHttpClient.execute(CloseableHttpClient.java:71)
	at org.apache.http.impl.client.CloseableHttpClient.execute(CloseableHttpClient.java:55)
	at org.openqa.selenium.remote.internal.ApacheHttpClient.fallBackExecute(ApacheHttpClient.java:144)
	at org.openqa.selenium.remote.internal.ApacheHttpClient.execute(ApacheHttpClient.java:90)
	at org.openqa.selenium.remote.HttpCommandExecutor.execute(HttpCommandExecutor.java:142)
	at org.openqa.selenium.firefox.internal.NewProfileExtensionConnection.execute(NewProfileExtensionConnection.java:160)
	at org.openqa.selenium.firefox.FirefoxDriver$LazyCommandExecutor.execute(FirefoxDriver.java:380)
	at org.openqa.selenium.remote.RemoteWebDriver.execute(RemoteWebDriver.java:644)
	... 38 more
Caused by: java.net.ConnectException: Connection refused: connect
	at java.net.DualStackPlainSocketImpl.waitForConnect(Native Method)
	at java.net.DualStackPlainSocketImpl.socketConnect(DualStackPlainSocketImpl.java:85)
	at java.net.AbstractPlainSocketImpl.doConnect(AbstractPlainSocketImpl.java:350)
	at java.net.AbstractPlainSocketImpl.connectToAddress(AbstractPlainSocketImpl.java:206)
	at java.net.AbstractPlainSocketImpl.connect(AbstractPlainSocketImpl.java:188)
	at java.net.PlainSocketImpl.connect(PlainSocketImpl.java:172)
	at java.net.SocksSocketImpl.connect(SocksSocketImpl.java:392)
	at java.net.Socket.connect(Socket.java:589)
	at org.apache.http.conn.socket.PlainConnectionSocketFactory.connectSocket(PlainConnectionSocketFactory.java:74)
	at org.apache.http.impl.conn.DefaultHttpClientConnectionOperator.connect(DefaultHttpClientConnectionOperator.java:134)
	... 53 more
]]>
            </full-stacktrace>
          </exception> <!-- org.openqa.selenium.remote.UnreachableBrowserException -->
          <reporter-output>
          </reporter-output>
        </test-method> <!-- closeDriver -->
        <test-method status="SKIP" signature="testStoreLEED()[pri:0, instance:com.usgbc.dev.regression.StoreTest@735b478]" name="testStoreLEED" duration-ms="0" started-at="2017-11-02T11:02:11Z" finished-at="2017-11-02T11:02:11Z">
          <reporter-output>
          </reporter-output>
        </test-method> <!-- testStoreLEED -->
        <test-method status="SKIP" signature="getDriver()[pri:0, instance:com.usgbc.dev.regression.StoreTest@735b478]" name="getDriver" is-config="true" duration-ms="0" started-at="2017-11-02T11:02:11Z" finished-at="2017-11-02T11:02:11Z">
          <reporter-output>
          </reporter-output>
        </test-method> <!-- getDriver -->
        <test-method status="SKIP" signature="getDriver()[pri:0, instance:com.usgbc.dev.regression.StoreTest@735b478]" name="getDriver" is-config="true" duration-ms="0" started-at="2017-11-02T11:02:11Z" finished-at="2017-11-02T11:02:11Z">
          <reporter-output>
          </reporter-output>
        </test-method> <!-- getDriver -->
        <test-method status="SKIP" signature="closeDriver(org.testng.ITestResult)[pri:0, instance:com.usgbc.dev.regression.StoreTest@735b478]" name="closeDriver" is-config="true" duration-ms="0" started-at="2017-11-02T11:02:11Z" finished-at="2017-11-02T11:02:11Z">
          <reporter-output>
          </reporter-output>
        </test-method> <!-- closeDriver -->
        <test-method status="SKIP" signature="closeDriver(org.testng.ITestResult)[pri:0, instance:com.usgbc.dev.regression.StoreTest@735b478]" name="closeDriver" is-config="true" duration-ms="0" started-at="2017-11-02T11:02:11Z" finished-at="2017-11-02T11:02:11Z">
          <reporter-output>
          </reporter-output>
        </test-method> <!-- closeDriver -->
        <test-method status="SKIP" signature="testStoreLEEDandGreen()[pri:0, instance:com.usgbc.dev.regression.StoreTest@735b478]" name="testStoreLEEDandGreen" duration-ms="0" started-at="2017-11-02T11:02:11Z" finished-at="2017-11-02T11:02:11Z">
          <reporter-output>
          </reporter-output>
        </test-method> <!-- testStoreLEEDandGreen -->
      </class> <!-- com.usgbc.dev.regression.StoreTest -->
      <class name="com.usgbc.dev.regression.LoggedUserTest">
        <test-method status="PASS" signature="getDriver()[pri:0, instance:com.usgbc.dev.regression.LoggedUserTest@3551a94]" name="getDriver" is-config="true" duration-ms="5203" started-at="2017-11-02T10:47:02Z" finished-at="2017-11-02T10:47:07Z">
          <reporter-output>
          </reporter-output>
        </test-method> <!-- getDriver -->
        <test-method status="PASS" signature="testLoggedUser()[pri:0, instance:com.usgbc.dev.regression.LoggedUserTest@3551a94]" name="testLoggedUser" duration-ms="7869" started-at="2017-11-02T10:47:07Z" finished-at="2017-11-02T10:47:15Z">
          <reporter-output>
          </reporter-output>
        </test-method> <!-- testLoggedUser -->
        <test-method status="PASS" signature="closeDriver(org.testng.ITestResult)[pri:0, instance:com.usgbc.dev.regression.LoggedUserTest@3551a94]" name="closeDriver" is-config="true" duration-ms="717" started-at="2017-11-02T10:47:15Z" finished-at="2017-11-02T10:47:16Z">
          <params>
            <param index="0">
              <value>
                <![CDATA[[TestResult name=testLoggedUser status=SUCCESS method=LoggedUserTest.testLoggedUser()[pri:0, instance:com.usgbc.dev.regression.LoggedUserTest@3551a94] output={null}]]]>
              </value>
            </param>
          </params>
          <reporter-output>
          </reporter-output>
        </test-method> <!-- closeDriver -->
        <test-method status="PASS" signature="getDriver()[pri:0, instance:com.usgbc.dev.regression.LoggedUserTest@3551a94]" name="getDriver" is-config="true" duration-ms="4702" started-at="2017-11-02T10:47:16Z" finished-at="2017-11-02T10:47:21Z">
          <reporter-output>
          </reporter-output>
        </test-method> <!-- getDriver -->
        <test-method status="FAIL" signature="testLoggedUser2()[pri:0, instance:com.usgbc.dev.regression.LoggedUserTest@3551a94]" name="testLoggedUser2" duration-ms="21368" started-at="2017-11-02T10:47:21Z" finished-at="2017-11-02T10:47:42Z">
          <exception class="java.lang.Error">
            <message>
              <![CDATA[Unable to locate element: {"method":"link text","selector":"Community Registration"}
Command duration or timeout: 37 milliseconds
For documentation on this error, please visit: http://seleniumhq.org/exceptions/no_such_element.html
Build info: version: '2.53.1', revision: 'a36b8b1cd5757287168e54b817830adce9b0158d', time: '2016-06-30 19:26:09'
System info: host: 'G10GGNLT049', ip: '192.168.56.1', os.name: 'Windows 10', os.arch: 'amd64', os.version: '10.0', java.version: '1.8.0_131'
Driver info: org.openqa.selenium.firefox.FirefoxDriver
Capabilities [{applicationCacheEnabled=true, rotatable=false, handlesAlerts=true, databaseEnabled=true, version=47.0.1, platform=WINDOWS, nativeEvents=false, acceptSslCerts=true, webStorageEnabled=true, locationContextEnabled=true, browserName=firefox, takesScreenshot=true, javascriptEnabled=true, cssSelectorsEnabled=true}]
Session ID: c77e76c3-ce5f-48b0-a77e-3e15ed663c74
*** Element info: {Using=link text, value=Community Registration}]]>
            </message>
            <full-stacktrace>
              <![CDATA[java.lang.Error: Unable to locate element: {"method":"link text","selector":"Community Registration"}
Command duration or timeout: 37 milliseconds
For documentation on this error, please visit: http://seleniumhq.org/exceptions/no_such_element.html
Build info: version: '2.53.1', revision: 'a36b8b1cd5757287168e54b817830adce9b0158d', time: '2016-06-30 19:26:09'
System info: host: 'G10GGNLT049', ip: '192.168.56.1', os.name: 'Windows 10', os.arch: 'amd64', os.version: '10.0', java.version: '1.8.0_131'
Driver info: org.openqa.selenium.firefox.FirefoxDriver
Capabilities [{applicationCacheEnabled=true, rotatable=false, handlesAlerts=true, databaseEnabled=true, version=47.0.1, platform=WINDOWS, nativeEvents=false, acceptSslCerts=true, webStorageEnabled=true, locationContextEnabled=true, browserName=firefox, takesScreenshot=true, javascriptEnabled=true, cssSelectorsEnabled=true}]
Session ID: c77e76c3-ce5f-48b0-a77e-3e15ed663c74
*** Element info: {Using=link text, value=Community Registration}
	at sun.reflect.NativeConstructorAccessorImpl.newInstance0(Native Method)
	at sun.reflect.NativeConstructorAccessorImpl.newInstance(NativeConstructorAccessorImpl.java:62)
	at sun.reflect.DelegatingConstructorAccessorImpl.newInstance(DelegatingConstructorAccessorImpl.java:45)
	at java.lang.reflect.Constructor.newInstance(Constructor.java:423)
	at org.openqa.selenium.remote.ErrorHandler.createThrowable(ErrorHandler.java:206)
	at org.openqa.selenium.remote.ErrorHandler.throwIfResponseFailed(ErrorHandler.java:158)
	at org.openqa.selenium.remote.RemoteWebDriver.execute(RemoteWebDriver.java:678)
	at org.openqa.selenium.remote.RemoteWebDriver.findElement(RemoteWebDriver.java:363)
	at org.openqa.selenium.remote.RemoteWebDriver.findElementByLinkText(RemoteWebDriver.java:428)
	at org.openqa.selenium.By$ByLinkText.findElement(By.java:246)
	at org.openqa.selenium.remote.RemoteWebDriver.findElement(RemoteWebDriver.java:355)
	at com.usgbc.dev.page.UsgbcWebLocators.getCommunityRegistration(UsgbcWebLocators.java:295)
	at com.usgbc.dev.business.LoggedUser.loggedUserVerification2(LoggedUser.java:39)
	at com.usgbc.dev.regression.LoggedUserTest.testLoggedUser2(LoggedUserTest.java:47)
	at sun.reflect.NativeMethodAccessorImpl.invoke0(Native Method)
	at sun.reflect.NativeMethodAccessorImpl.invoke(NativeMethodAccessorImpl.java:62)
	at sun.reflect.DelegatingMethodAccessorImpl.invoke(DelegatingMethodAccessorImpl.java:43)
	at java.lang.reflect.Method.invoke(Method.java:498)
	at org.testng.internal.MethodInvocationHelper.invokeMethod(MethodInvocationHelper.java:85)
	at org.testng.internal.Invoker.invokeMethod(Invoker.java:639)
	at org.testng.internal.Invoker.invokeTestMethod(Invoker.java:816)
	at org.testng.internal.Invoker.invokeTestMethods(Invoker.java:1124)
	at org.testng.internal.TestMethodWorker.invokeTestMethods(TestMethodWorker.java:125)
	at org.testng.internal.TestMethodWorker.run(TestMethodWorker.java:108)
	at org.testng.TestRunner.privateRun(TestRunner.java:774)
	at org.testng.TestRunner.run(TestRunner.java:624)
	at org.testng.SuiteRunner.runTest(SuiteRunner.java:359)
	at org.testng.SuiteRunner.runSequentially(SuiteRunner.java:354)
	at org.testng.SuiteRunner.privateRun(SuiteRunner.java:312)
	at org.testng.SuiteRunner.run(SuiteRunner.java:261)
	at org.testng.SuiteRunnerWorker.runSuite(SuiteRunnerWorker.java:52)
	at org.testng.SuiteRunnerWorker.run(SuiteRunnerWorker.java:86)
	at org.testng.TestNG.runSuitesSequentially(TestNG.java:1191)
	at org.testng.TestNG.runSuitesLocally(TestNG.java:1116)
	at org.testng.TestNG.run(TestNG.java:1024)
	at org.apache.maven.surefire.testng.TestNGExecutor.run(TestNGExecutor.java:178)
	at org.apache.maven.surefire.testng.TestNGXmlTestSuite.execute(TestNGXmlTestSuite.java:92)
	at org.apache.maven.surefire.testng.TestNGProvider.invoke(TestNGProvider.java:96)
	at sun.reflect.NativeMethodAccessorImpl.invoke0(Native Method)
	at sun.reflect.NativeMethodAccessorImpl.invoke(NativeMethodAccessorImpl.java:62)
	at sun.reflect.DelegatingMethodAccessorImpl.invoke(DelegatingMethodAccessorImpl.java:43)
	at java.lang.reflect.Method.invoke(Method.java:498)
	at org.apache.maven.surefire.util.ReflectionUtils.invokeMethodWithArray(ReflectionUtils.java:189)
	at org.apache.maven.surefire.booter.ProviderFactory$ProviderProxy.invoke(ProviderFactory.java:165)
	at org.apache.maven.surefire.booter.ProviderFactory.invokeProvider(ProviderFactory.java:85)
	at org.apache.maven.surefire.booter.ForkedBooter.runSuitesInProcess(ForkedBooter.java:113)
	at org.apache.maven.surefire.booter.ForkedBooter.main(ForkedBooter.java:75)
]]>
            </full-stacktrace>
          </exception> <!-- java.lang.Error -->
          <reporter-output>
          </reporter-output>
        </test-method> <!-- testLoggedUser2 -->
        <test-method status="PASS" signature="closeDriver(org.testng.ITestResult)[pri:0, instance:com.usgbc.dev.regression.LoggedUserTest@3551a94]" name="closeDriver" is-config="true" duration-ms="1166" started-at="2017-11-02T10:47:42Z" finished-at="2017-11-02T10:47:43Z">
          <params>
            <param index="0">
              <value>
                <![CDATA[[TestResult name=testLoggedUser2 status=FAILURE method=LoggedUserTest.testLoggedUser2()[pri:0, instance:com.usgbc.dev.regression.LoggedUserTest@3551a94] output={null}]]]>
              </value>
            </param>
          </params>
          <reporter-output>
          </reporter-output>
        </test-method> <!-- closeDriver -->
      </class> <!-- com.usgbc.dev.regression.LoggedUserTest -->
      <class name="com.usgbc.dev.regression.CommunityRegistrationCountryFieldTest">
        <test-method status="PASS" signature="getDriver()[pri:0, instance:com.usgbc.dev.regression.CommunityRegistrationCountryFieldTest@36f6e879]" name="getDriver" is-config="true" duration-ms="6241" started-at="2017-11-02T10:45:15Z" finished-at="2017-11-02T10:45:21Z">
          <reporter-output>
          </reporter-output>
        </test-method> <!-- getDriver -->
        <test-method status="PASS" signature="testCommunityRegistrationCountryField()[pri:0, instance:com.usgbc.dev.regression.CommunityRegistrationCountryFieldTest@36f6e879]" name="testCommunityRegistrationCountryField" duration-ms="0" started-at="2017-11-02T10:45:21Z" finished-at="2017-11-02T10:45:21Z">
          <reporter-output>
          </reporter-output>
        </test-method> <!-- testCommunityRegistrationCountryField -->
        <test-method status="PASS" signature="closeDriver(org.testng.ITestResult)[pri:0, instance:com.usgbc.dev.regression.CommunityRegistrationCountryFieldTest@36f6e879]" name="closeDriver" is-config="true" duration-ms="965" started-at="2017-11-02T10:45:21Z" finished-at="2017-11-02T10:45:22Z">
          <params>
            <param index="0">
              <value>
                <![CDATA[[TestResult name=testCommunityRegistrationCountryField status=SUCCESS method=CommunityRegistrationCountryFieldTest.testCommunityRegistrationCountryField()[pri:0, instance:com.usgbc.dev.regression.CommunityRegistrationCountryFieldTest@36f6e879] output={null}]]]>
              </value>
            </param>
          </params>
          <reporter-output>
          </reporter-output>
        </test-method> <!-- closeDriver -->
      </class> <!-- com.usgbc.dev.regression.CommunityRegistrationCountryFieldTest -->
      <class name="com.usgbc.dev.regression.UsgbcStoreTest">
        <test-method status="PASS" signature="getDriver()[pri:0, instance:com.usgbc.dev.regression.UsgbcStoreTest@52af6cff]" name="getDriver" is-config="true" duration-ms="5236" started-at="2017-11-02T10:48:42Z" finished-at="2017-11-02T10:48:48Z">
          <reporter-output>
          </reporter-output>
        </test-method> <!-- getDriver -->
        <test-method status="PASS" signature="testUsgbcStore()[pri:0, instance:com.usgbc.dev.regression.UsgbcStoreTest@52af6cff]" name="testUsgbcStore" duration-ms="9747" started-at="2017-11-02T10:48:48Z" finished-at="2017-11-02T10:48:57Z">
          <reporter-output>
          </reporter-output>
        </test-method> <!-- testUsgbcStore -->
        <test-method status="PASS" signature="closeDriver(org.testng.ITestResult)[pri:0, instance:com.usgbc.dev.regression.UsgbcStoreTest@52af6cff]" name="closeDriver" is-config="true" duration-ms="827" started-at="2017-11-02T10:48:57Z" finished-at="2017-11-02T10:48:58Z">
          <params>
            <param index="0">
              <value>
                <![CDATA[[TestResult name=testUsgbcStore status=SUCCESS method=UsgbcStoreTest.testUsgbcStore()[pri:0, instance:com.usgbc.dev.regression.UsgbcStoreTest@52af6cff] output={null}]]]>
              </value>
            </param>
          </params>
          <reporter-output>
          </reporter-output>
        </test-method> <!-- closeDriver -->
        <test-method status="PASS" signature="getDriver()[pri:0, instance:com.usgbc.dev.regression.UsgbcStoreTest@52af6cff]" name="getDriver" is-config="true" duration-ms="5150" started-at="2017-11-02T10:48:58Z" finished-at="2017-11-02T10:49:03Z">
          <reporter-output>
          </reporter-output>
        </test-method> <!-- getDriver -->
        <test-method status="PASS" signature="testUsgbcStoreGreen()[pri:0, instance:com.usgbc.dev.regression.UsgbcStoreTest@52af6cff]" name="testUsgbcStoreGreen" duration-ms="192822" started-at="2017-11-02T10:49:03Z" finished-at="2017-11-02T10:52:16Z">
          <reporter-output>
          </reporter-output>
        </test-method> <!-- testUsgbcStoreGreen -->
        <test-method status="PASS" signature="closeDriver(org.testng.ITestResult)[pri:0, instance:com.usgbc.dev.regression.UsgbcStoreTest@52af6cff]" name="closeDriver" is-config="true" duration-ms="1164" started-at="2017-11-02T10:52:16Z" finished-at="2017-11-02T10:52:17Z">
          <params>
            <param index="0">
              <value>
                <![CDATA[[TestResult name=testUsgbcStoreGreen status=SUCCESS method=UsgbcStoreTest.testUsgbcStoreGreen()[pri:0, instance:com.usgbc.dev.regression.UsgbcStoreTest@52af6cff] output={null}]]]>
              </value>
            </param>
          </params>
          <reporter-output>
          </reporter-output>
        </test-method> <!-- closeDriver -->
        <test-method status="PASS" signature="getDriver()[pri:0, instance:com.usgbc.dev.regression.UsgbcStoreTest@52af6cff]" name="getDriver" is-config="true" duration-ms="5003" started-at="2017-11-02T10:52:17Z" finished-at="2017-11-02T10:52:22Z">
          <reporter-output>
          </reporter-output>
        </test-method> <!-- getDriver -->
        <test-method status="FAIL" signature="testUsgbcStoreGreen2()[pri:0, instance:com.usgbc.dev.regression.UsgbcStoreTest@52af6cff]" name="testUsgbcStoreGreen2" duration-ms="8893" started-at="2017-11-02T10:52:22Z" finished-at="2017-11-02T10:52:31Z">
          <exception class="org.openqa.selenium.StaleElementReferenceException">
            <message>
              <![CDATA[Element not found in the cache - perhaps the page has changed since it was looked up
Command duration or timeout: 1.13 seconds
For documentation on this error, please visit: http://seleniumhq.org/exceptions/stale_element_reference.html
Build info: version: '2.53.1', revision: 'a36b8b1cd5757287168e54b817830adce9b0158d', time: '2016-06-30 19:26:09'
System info: host: 'G10GGNLT049', ip: '192.168.56.1', os.name: 'Windows 10', os.arch: 'amd64', os.version: '10.0', java.version: '1.8.0_131'
Driver info: org.openqa.selenium.firefox.FirefoxDriver
Capabilities [{applicationCacheEnabled=true, rotatable=false, handlesAlerts=true, databaseEnabled=true, version=47.0.1, platform=WINDOWS, nativeEvents=false, acceptSslCerts=true, webStorageEnabled=true, locationContextEnabled=true, browserName=firefox, takesScreenshot=true, javascriptEnabled=true, cssSelectorsEnabled=true}]
Session ID: 47299bcb-7c49-40ef-90d8-3d9b580db37b]]>
            </message>
            <full-stacktrace>
              <![CDATA[org.openqa.selenium.StaleElementReferenceException: Element not found in the cache - perhaps the page has changed since it was looked up
Command duration or timeout: 1.13 seconds
For documentation on this error, please visit: http://seleniumhq.org/exceptions/stale_element_reference.html
Build info: version: '2.53.1', revision: 'a36b8b1cd5757287168e54b817830adce9b0158d', time: '2016-06-30 19:26:09'
System info: host: 'G10GGNLT049', ip: '192.168.56.1', os.name: 'Windows 10', os.arch: 'amd64', os.version: '10.0', java.version: '1.8.0_131'
Driver info: org.openqa.selenium.firefox.FirefoxDriver
Capabilities [{applicationCacheEnabled=true, rotatable=false, handlesAlerts=true, databaseEnabled=true, version=47.0.1, platform=WINDOWS, nativeEvents=false, acceptSslCerts=true, webStorageEnabled=true, locationContextEnabled=true, browserName=firefox, takesScreenshot=true, javascriptEnabled=true, cssSelectorsEnabled=true}]
Session ID: 47299bcb-7c49-40ef-90d8-3d9b580db37b
	at sun.reflect.NativeConstructorAccessorImpl.newInstance0(Native Method)
	at sun.reflect.NativeConstructorAccessorImpl.newInstance(NativeConstructorAccessorImpl.java:62)
	at sun.reflect.DelegatingConstructorAccessorImpl.newInstance(DelegatingConstructorAccessorImpl.java:45)
	at java.lang.reflect.Constructor.newInstance(Constructor.java:423)
	at org.openqa.selenium.remote.ErrorHandler.createThrowable(ErrorHandler.java:206)
	at org.openqa.selenium.remote.ErrorHandler.throwIfResponseFailed(ErrorHandler.java:158)
	at org.openqa.selenium.remote.RemoteWebDriver.execute(RemoteWebDriver.java:678)
	at org.openqa.selenium.remote.RemoteWebElement.execute(RemoteWebElement.java:327)
	at org.openqa.selenium.remote.RemoteWebElement.getAttribute(RemoteWebElement.java:150)
	at com.usgbc.utility.BrokenLink.BrokenLinkCheck(BrokenLink.java:23)
	at com.usgbc.dev.regression.UsgbcStoreTest.testUsgbcStoreGreen2(UsgbcStoreTest.java:67)
	at sun.reflect.NativeMethodAccessorImpl.invoke0(Native Method)
	at sun.reflect.NativeMethodAccessorImpl.invoke(NativeMethodAccessorImpl.java:62)
	at sun.reflect.DelegatingMethodAccessorImpl.invoke(DelegatingMethodAccessorImpl.java:43)
	at java.lang.reflect.Method.invoke(Method.java:498)
	at org.testng.internal.MethodInvocationHelper.invokeMethod(MethodInvocationHelper.java:85)
	at org.testng.internal.Invoker.invokeMethod(Invoker.java:639)
	at org.testng.internal.Invoker.invokeTestMethod(Invoker.java:816)
	at org.testng.internal.Invoker.invokeTestMethods(Invoker.java:1124)
	at org.testng.internal.TestMethodWorker.invokeTestMethods(TestMethodWorker.java:125)
	at org.testng.internal.TestMethodWorker.run(TestMethodWorker.java:108)
	at org.testng.TestRunner.privateRun(TestRunner.java:774)
	at org.testng.TestRunner.run(TestRunner.java:624)
	at org.testng.SuiteRunner.runTest(SuiteRunner.java:359)
	at org.testng.SuiteRunner.runSequentially(SuiteRunner.java:354)
	at org.testng.SuiteRunner.privateRun(SuiteRunner.java:312)
	at org.testng.SuiteRunner.run(SuiteRunner.java:261)
	at org.testng.SuiteRunnerWorker.runSuite(SuiteRunnerWorker.java:52)
	at org.testng.SuiteRunnerWorker.run(SuiteRunnerWorker.java:86)
	at org.testng.TestNG.runSuitesSequentially(TestNG.java:1191)
	at org.testng.TestNG.runSuitesLocally(TestNG.java:1116)
	at org.testng.TestNG.run(TestNG.java:1024)
	at org.apache.maven.surefire.testng.TestNGExecutor.run(TestNGExecutor.java:178)
	at org.apache.maven.surefire.testng.TestNGXmlTestSuite.execute(TestNGXmlTestSuite.java:92)
	at org.apache.maven.surefire.testng.TestNGProvider.invoke(TestNGProvider.java:96)
	at sun.reflect.NativeMethodAccessorImpl.invoke0(Native Method)
	at sun.reflect.NativeMethodAccessorImpl.invoke(NativeMethodAccessorImpl.java:62)
	at sun.reflect.DelegatingMethodAccessorImpl.invoke(DelegatingMethodAccessorImpl.java:43)
	at java.lang.reflect.Method.invoke(Method.java:498)
	at org.apache.maven.surefire.util.ReflectionUtils.invokeMethodWithArray(ReflectionUtils.java:189)
	at org.apache.maven.surefire.booter.ProviderFactory$ProviderProxy.invoke(ProviderFactory.java:165)
	at org.apache.maven.surefire.booter.ProviderFactory.invokeProvider(ProviderFactory.java:85)
	at org.apache.maven.surefire.booter.ForkedBooter.runSuitesInProcess(ForkedBooter.java:113)
	at org.apache.maven.surefire.booter.ForkedBooter.main(ForkedBooter.java:75)
Caused by: org.openqa.selenium.StaleElementReferenceException: Element not found in the cache - perhaps the page has changed since it was looked up
For documentation on this error, please visit: http://seleniumhq.org/exceptions/stale_element_reference.html
Build info: version: '2.53.1', revision: 'a36b8b1cd5757287168e54b817830adce9b0158d', time: '2016-06-30 19:26:09'
System info: host: 'G10GGNLT049', ip: '192.168.56.1', os.name: 'Windows 10', os.arch: 'amd64', os.version: '10.0', java.version: '1.8.0_131'
Driver info: driver.version: unknown
	at <anonymous class>.fxdriver.cache.getElementAt(resource://fxdriver/modules/web-element-cache.js:9454)
	at <anonymous class>.Utils.getElementAt(file:///C:/Users/Groupten/AppData/Local/Temp/anonymous678947685884169632webdriver-profile/extensions/fxdriver@googlecode.com/components/command-processor.js:9039)
	at <anonymous class>.WebElement.getElementAttribute(file:///C:/Users/Groupten/AppData/Local/Temp/anonymous678947685884169632webdriver-profile/extensions/fxdriver@googlecode.com/components/command-processor.js:12146)
	at <anonymous class>.DelayedCommand.prototype.executeInternal_/h(file:///C:/Users/Groupten/AppData/Local/Temp/anonymous678947685884169632webdriver-profile/extensions/fxdriver@googlecode.com/components/command-processor.js:12661)
	at <anonymous class>.DelayedCommand.prototype.executeInternal_(file:///C:/Users/Groupten/AppData/Local/Temp/anonymous678947685884169632webdriver-profile/extensions/fxdriver@googlecode.com/components/command-processor.js:12666)
	at <anonymous class>.DelayedCommand.prototype.execute/<(file:///C:/Users/Groupten/AppData/Local/Temp/anonymous678947685884169632webdriver-profile/extensions/fxdriver@googlecode.com/components/command-processor.js:12608)
]]>
            </full-stacktrace>
          </exception> <!-- org.openqa.selenium.StaleElementReferenceException -->
          <reporter-output>
          </reporter-output>
        </test-method> <!-- testUsgbcStoreGreen2 -->
        <test-method status="PASS" signature="closeDriver(org.testng.ITestResult)[pri:0, instance:com.usgbc.dev.regression.UsgbcStoreTest@52af6cff]" name="closeDriver" is-config="true" duration-ms="943" started-at="2017-11-02T10:52:31Z" finished-at="2017-11-02T10:52:32Z">
          <params>
            <param index="0">
              <value>
                <![CDATA[[TestResult name=testUsgbcStoreGreen2 status=FAILURE method=UsgbcStoreTest.testUsgbcStoreGreen2()[pri:0, instance:com.usgbc.dev.regression.UsgbcStoreTest@52af6cff] output={null}]]]>
              </value>
            </param>
          </params>
          <reporter-output>
          </reporter-output>
        </test-method> <!-- closeDriver -->
        <test-method status="PASS" signature="getDriver()[pri:0, instance:com.usgbc.dev.regression.UsgbcStoreTest@52af6cff]" name="getDriver" is-config="true" duration-ms="4983" started-at="2017-11-02T10:52:32Z" finished-at="2017-11-02T10:52:37Z">
          <reporter-output>
          </reporter-output>
        </test-method> <!-- getDriver -->
        <test-method status="PASS" signature="testUsgbcStoreLEED()[pri:0, instance:com.usgbc.dev.regression.UsgbcStoreTest@52af6cff]" name="testUsgbcStoreLEED" duration-ms="167576" started-at="2017-11-02T10:52:37Z" finished-at="2017-11-02T10:55:25Z">
          <reporter-output>
          </reporter-output>
        </test-method> <!-- testUsgbcStoreLEED -->
        <test-method status="PASS" signature="closeDriver(org.testng.ITestResult)[pri:0, instance:com.usgbc.dev.regression.UsgbcStoreTest@52af6cff]" name="closeDriver" is-config="true" duration-ms="1081" started-at="2017-11-02T10:55:25Z" finished-at="2017-11-02T10:55:26Z">
          <params>
            <param index="0">
              <value>
                <![CDATA[[TestResult name=testUsgbcStoreLEED status=SUCCESS method=UsgbcStoreTest.testUsgbcStoreLEED()[pri:0, instance:com.usgbc.dev.regression.UsgbcStoreTest@52af6cff] output={null}]]]>
              </value>
            </param>
          </params>
          <reporter-output>
          </reporter-output>
        </test-method> <!-- closeDriver -->
        <test-method status="PASS" signature="getDriver()[pri:0, instance:com.usgbc.dev.regression.UsgbcStoreTest@52af6cff]" name="getDriver" is-config="true" duration-ms="5219" started-at="2017-11-02T10:55:26Z" finished-at="2017-11-02T10:55:31Z">
          <reporter-output>
          </reporter-output>
        </test-method> <!-- getDriver -->
        <test-method status="PASS" signature="testUsgbcStoreLEED2()[pri:0, instance:com.usgbc.dev.regression.UsgbcStoreTest@52af6cff]" name="testUsgbcStoreLEED2" duration-ms="135321" started-at="2017-11-02T10:55:31Z" finished-at="2017-11-02T10:57:46Z">
          <reporter-output>
          </reporter-output>
        </test-method> <!-- testUsgbcStoreLEED2 -->
        <test-method status="PASS" signature="closeDriver(org.testng.ITestResult)[pri:0, instance:com.usgbc.dev.regression.UsgbcStoreTest@52af6cff]" name="closeDriver" is-config="true" duration-ms="913" started-at="2017-11-02T10:57:46Z" finished-at="2017-11-02T10:57:47Z">
          <params>
            <param index="0">
              <value>
                <![CDATA[[TestResult name=testUsgbcStoreLEED2 status=SUCCESS method=UsgbcStoreTest.testUsgbcStoreLEED2()[pri:0, instance:com.usgbc.dev.regression.UsgbcStoreTest@52af6cff] output={null}]]]>
              </value>
            </param>
          </params>
          <reporter-output>
          </reporter-output>
        </test-method> <!-- closeDriver -->
      </class> <!-- com.usgbc.dev.regression.UsgbcStoreTest -->
      <class name="com.usgbc.dev.regression.MembershipTest">
        <test-method status="SKIP" signature="testMembership()[pri:0, instance:com.usgbc.dev.regression.MembershipTest@2c9f9fb0]" name="testMembership" duration-ms="0" started-at="2017-11-02T11:02:11Z" finished-at="2017-11-02T11:02:11Z">
          <reporter-output>
          </reporter-output>
        </test-method> <!-- testMembership -->
        <test-method status="SKIP" signature="getDriver()[pri:0, instance:com.usgbc.dev.regression.MembershipTest@2c9f9fb0]" name="getDriver" is-config="true" duration-ms="0" started-at="2017-11-02T11:02:11Z" finished-at="2017-11-02T11:02:11Z">
          <reporter-output>
          </reporter-output>
        </test-method> <!-- getDriver -->
        <test-method status="SKIP" signature="closeDriver(org.testng.ITestResult)[pri:0, instance:com.usgbc.dev.regression.MembershipTest@2c9f9fb0]" name="closeDriver" is-config="true" duration-ms="0" started-at="2017-11-02T11:02:11Z" finished-at="2017-11-02T11:02:11Z">
          <reporter-output>
          </reporter-output>
        </test-method> <!-- closeDriver -->
      </class> <!-- com.usgbc.dev.regression.MembershipTest -->
      <class name="com.usgbc.dev.regression.CommunityRegistrationTest">
        <test-method status="PASS" signature="getDriver()[pri:0, instance:com.usgbc.dev.regression.CommunityRegistrationTest@54a097cc]" name="getDriver" is-config="true" duration-ms="10588" started-at="2017-11-02T10:44:25Z" finished-at="2017-11-02T10:44:36Z">
          <reporter-output>
          </reporter-output>
        </test-method> <!-- getDriver -->
        <test-method status="PASS" signature="testCommunityRegistration()[pri:0, instance:com.usgbc.dev.regression.CommunityRegistrationTest@54a097cc]" name="testCommunityRegistration" duration-ms="37053" started-at="2017-11-02T10:44:36Z" finished-at="2017-11-02T10:45:13Z">
          <reporter-output>
          </reporter-output>
        </test-method> <!-- testCommunityRegistration -->
        <test-method status="PASS" signature="closeDriver(org.testng.ITestResult)[pri:0, instance:com.usgbc.dev.regression.CommunityRegistrationTest@54a097cc]" name="closeDriver" is-config="true" duration-ms="1931" started-at="2017-11-02T10:45:13Z" finished-at="2017-11-02T10:45:15Z">
          <params>
            <param index="0">
              <value>
                <![CDATA[[TestResult name=testCommunityRegistration status=SUCCESS method=CommunityRegistrationTest.testCommunityRegistration()[pri:0, instance:com.usgbc.dev.regression.CommunityRegistrationTest@54a097cc] output={null}]]]>
              </value>
            </param>
          </params>
          <reporter-output>
          </reporter-output>
        </test-method> <!-- closeDriver -->
      </class> <!-- com.usgbc.dev.regression.CommunityRegistrationTest -->
      <class name="com.usgbc.dev.regression.ErrorMessageCommRegTest">
        <test-method status="PASS" signature="getDriver()[pri:0, instance:com.usgbc.dev.regression.ErrorMessageCommRegTest@531be3c5]" name="getDriver" is-config="true" duration-ms="5102" started-at="2017-11-02T10:47:43Z" finished-at="2017-11-02T10:47:48Z">
          <reporter-output>
          </reporter-output>
        </test-method> <!-- getDriver -->
        <test-method status="PASS" signature="testErrorMessagesCommReg()[pri:0, instance:com.usgbc.dev.regression.ErrorMessageCommRegTest@531be3c5]" name="testErrorMessagesCommReg" duration-ms="11287" started-at="2017-11-02T10:47:48Z" finished-at="2017-11-02T10:47:59Z">
          <reporter-output>
          </reporter-output>
        </test-method> <!-- testErrorMessagesCommReg -->
        <test-method status="PASS" signature="closeDriver(org.testng.ITestResult)[pri:0, instance:com.usgbc.dev.regression.ErrorMessageCommRegTest@531be3c5]" name="closeDriver" is-config="true" duration-ms="792" started-at="2017-11-02T10:47:59Z" finished-at="2017-11-02T10:48:00Z">
          <params>
            <param index="0">
              <value>
                <![CDATA[[TestResult name=testErrorMessagesCommReg status=SUCCESS method=ErrorMessageCommRegTest.testErrorMessagesCommReg()[pri:0, instance:com.usgbc.dev.regression.ErrorMessageCommRegTest@531be3c5] output={null}]]]>
              </value>
            </param>
          </params>
          <reporter-output>
          </reporter-output>
        </test-method> <!-- closeDriver -->
        <test-method status="PASS" signature="getDriver()[pri:0, instance:com.usgbc.dev.regression.ErrorMessageCommRegTest@531be3c5]" name="getDriver" is-config="true" duration-ms="4754" started-at="2017-11-02T10:48:00Z" finished-at="2017-11-02T10:48:05Z">
          <reporter-output>
          </reporter-output>
        </test-method> <!-- getDriver -->
        <test-method status="PASS" signature="testErrorMessagesCommRegCondition2()[pri:0, instance:com.usgbc.dev.regression.ErrorMessageCommRegTest@531be3c5]" name="testErrorMessagesCommRegCondition2" duration-ms="14006" started-at="2017-11-02T10:48:05Z" finished-at="2017-11-02T10:48:19Z">
          <reporter-output>
          </reporter-output>
        </test-method> <!-- testErrorMessagesCommRegCondition2 -->
        <test-method status="PASS" signature="closeDriver(org.testng.ITestResult)[pri:0, instance:com.usgbc.dev.regression.ErrorMessageCommRegTest@531be3c5]" name="closeDriver" is-config="true" duration-ms="739" started-at="2017-11-02T10:48:19Z" finished-at="2017-11-02T10:48:20Z">
          <params>
            <param index="0">
              <value>
                <![CDATA[[TestResult name=testErrorMessagesCommRegCondition2 status=SUCCESS method=ErrorMessageCommRegTest.testErrorMessagesCommRegCondition2()[pri:0, instance:com.usgbc.dev.regression.ErrorMessageCommRegTest@531be3c5] output={null}]]]>
              </value>
            </param>
          </params>
          <reporter-output>
          </reporter-output>
        </test-method> <!-- closeDriver -->
        <test-method status="PASS" signature="getDriver()[pri:0, instance:com.usgbc.dev.regression.ErrorMessageCommRegTest@531be3c5]" name="getDriver" is-config="true" duration-ms="4863" started-at="2017-11-02T10:48:20Z" finished-at="2017-11-02T10:48:25Z">
          <reporter-output>
          </reporter-output>
        </test-method> <!-- getDriver -->
        <test-method status="PASS" signature="testErrorMessagesCommRegCondition3()[pri:0, instance:com.usgbc.dev.regression.ErrorMessageCommRegTest@531be3c5]" name="testErrorMessagesCommRegCondition3" duration-ms="16863" started-at="2017-11-02T10:48:25Z" finished-at="2017-11-02T10:48:41Z">
          <reporter-output>
          </reporter-output>
        </test-method> <!-- testErrorMessagesCommRegCondition3 -->
        <test-method status="PASS" signature="closeDriver(org.testng.ITestResult)[pri:0, instance:com.usgbc.dev.regression.ErrorMessageCommRegTest@531be3c5]" name="closeDriver" is-config="true" duration-ms="959" started-at="2017-11-02T10:48:41Z" finished-at="2017-11-02T10:48:42Z">
          <params>
            <param index="0">
              <value>
                <![CDATA[[TestResult name=testErrorMessagesCommRegCondition3 status=SUCCESS method=ErrorMessageCommRegTest.testErrorMessagesCommRegCondition3()[pri:0, instance:com.usgbc.dev.regression.ErrorMessageCommRegTest@531be3c5] output={null}]]]>
              </value>
            </param>
          </params>
          <reporter-output>
          </reporter-output>
        </test-method> <!-- closeDriver -->
      </class> <!-- com.usgbc.dev.regression.ErrorMessageCommRegTest -->
      <class name="com.usgbc.dev.regression.UsgbcCoreTest">
        <test-method status="PASS" signature="getDriver()[pri:0, instance:com.usgbc.dev.regression.UsgbcCoreTest@5a61f5df]" name="getDriver" is-config="true" duration-ms="5332" started-at="2017-11-02T10:45:22Z" finished-at="2017-11-02T10:45:27Z">
          <reporter-output>
          </reporter-output>
        </test-method> <!-- getDriver -->
        <test-method status="FAIL" signature="testUsgbcCore()[pri:0, instance:com.usgbc.dev.regression.UsgbcCoreTest@5a61f5df]" name="testUsgbcCore" duration-ms="93621" started-at="2017-11-02T10:45:27Z" finished-at="2017-11-02T10:47:01Z">
          <exception class="java.lang.Error">
            <message>
              <![CDATA[Unable to locate element: {"method":"link text","selector":"Community Registration"}
Command duration or timeout: 17 milliseconds
For documentation on this error, please visit: http://seleniumhq.org/exceptions/no_such_element.html
Build info: version: '2.53.1', revision: 'a36b8b1cd5757287168e54b817830adce9b0158d', time: '2016-06-30 19:26:09'
System info: host: 'G10GGNLT049', ip: '192.168.56.1', os.name: 'Windows 10', os.arch: 'amd64', os.version: '10.0', java.version: '1.8.0_131'
Driver info: org.openqa.selenium.firefox.FirefoxDriver
Capabilities [{applicationCacheEnabled=true, rotatable=false, handlesAlerts=true, databaseEnabled=true, version=47.0.1, platform=WINDOWS, nativeEvents=false, acceptSslCerts=true, webStorageEnabled=true, locationContextEnabled=true, browserName=firefox, takesScreenshot=true, javascriptEnabled=true, cssSelectorsEnabled=true}]
Session ID: 8fe66de2-9497-400f-9bb3-269a6e7467fb
*** Element info: {Using=link text, value=Community Registration}]]>
            </message>
            <full-stacktrace>
              <![CDATA[java.lang.Error: Unable to locate element: {"method":"link text","selector":"Community Registration"}
Command duration or timeout: 17 milliseconds
For documentation on this error, please visit: http://seleniumhq.org/exceptions/no_such_element.html
Build info: version: '2.53.1', revision: 'a36b8b1cd5757287168e54b817830adce9b0158d', time: '2016-06-30 19:26:09'
System info: host: 'G10GGNLT049', ip: '192.168.56.1', os.name: 'Windows 10', os.arch: 'amd64', os.version: '10.0', java.version: '1.8.0_131'
Driver info: org.openqa.selenium.firefox.FirefoxDriver
Capabilities [{applicationCacheEnabled=true, rotatable=false, handlesAlerts=true, databaseEnabled=true, version=47.0.1, platform=WINDOWS, nativeEvents=false, acceptSslCerts=true, webStorageEnabled=true, locationContextEnabled=true, browserName=firefox, takesScreenshot=true, javascriptEnabled=true, cssSelectorsEnabled=true}]
Session ID: 8fe66de2-9497-400f-9bb3-269a6e7467fb
*** Element info: {Using=link text, value=Community Registration}
	at sun.reflect.NativeConstructorAccessorImpl.newInstance0(Native Method)
	at sun.reflect.NativeConstructorAccessorImpl.newInstance(NativeConstructorAccessorImpl.java:62)
	at sun.reflect.DelegatingConstructorAccessorImpl.newInstance(DelegatingConstructorAccessorImpl.java:45)
	at java.lang.reflect.Constructor.newInstance(Constructor.java:423)
	at org.openqa.selenium.remote.ErrorHandler.createThrowable(ErrorHandler.java:206)
	at org.openqa.selenium.remote.ErrorHandler.throwIfResponseFailed(ErrorHandler.java:158)
	at org.openqa.selenium.remote.RemoteWebDriver.execute(RemoteWebDriver.java:678)
	at org.openqa.selenium.remote.RemoteWebDriver.findElement(RemoteWebDriver.java:363)
	at org.openqa.selenium.remote.RemoteWebDriver.findElementByLinkText(RemoteWebDriver.java:428)
	at org.openqa.selenium.By$ByLinkText.findElement(By.java:246)
	at org.openqa.selenium.remote.RemoteWebDriver.findElement(RemoteWebDriver.java:355)
	at com.usgbc.dev.page.UsgbcWebLocators.getCommunityRegistration(UsgbcWebLocators.java:295)
	at com.usgbc.dev.business.UsgbcCore.receiptdownload(UsgbcCore.java:24)
	at com.usgbc.dev.business.UsgbcCore.UsgbcCoreForm(UsgbcCore.java:85)
	at com.usgbc.dev.regression.UsgbcCoreTest.testUsgbcCore(UsgbcCoreTest.java:26)
	at sun.reflect.NativeMethodAccessorImpl.invoke0(Native Method)
	at sun.reflect.NativeMethodAccessorImpl.invoke(NativeMethodAccessorImpl.java:62)
	at sun.reflect.DelegatingMethodAccessorImpl.invoke(DelegatingMethodAccessorImpl.java:43)
	at java.lang.reflect.Method.invoke(Method.java:498)
	at org.testng.internal.MethodInvocationHelper.invokeMethod(MethodInvocationHelper.java:85)
	at org.testng.internal.Invoker.invokeMethod(Invoker.java:639)
	at org.testng.internal.Invoker.invokeTestMethod(Invoker.java:816)
	at org.testng.internal.Invoker.invokeTestMethods(Invoker.java:1124)
	at org.testng.internal.TestMethodWorker.invokeTestMethods(TestMethodWorker.java:125)
	at org.testng.internal.TestMethodWorker.run(TestMethodWorker.java:108)
	at org.testng.TestRunner.privateRun(TestRunner.java:774)
	at org.testng.TestRunner.run(TestRunner.java:624)
	at org.testng.SuiteRunner.runTest(SuiteRunner.java:359)
	at org.testng.SuiteRunner.runSequentially(SuiteRunner.java:354)
	at org.testng.SuiteRunner.privateRun(SuiteRunner.java:312)
	at org.testng.SuiteRunner.run(SuiteRunner.java:261)
	at org.testng.SuiteRunnerWorker.runSuite(SuiteRunnerWorker.java:52)
	at org.testng.SuiteRunnerWorker.run(SuiteRunnerWorker.java:86)
	at org.testng.TestNG.runSuitesSequentially(TestNG.java:1191)
	at org.testng.TestNG.runSuitesLocally(TestNG.java:1116)
	at org.testng.TestNG.run(TestNG.java:1024)
	at org.apache.maven.surefire.testng.TestNGExecutor.run(TestNGExecutor.java:178)
	at org.apache.maven.surefire.testng.TestNGXmlTestSuite.execute(TestNGXmlTestSuite.java:92)
	at org.apache.maven.surefire.testng.TestNGProvider.invoke(TestNGProvider.java:96)
	at sun.reflect.NativeMethodAccessorImpl.invoke0(Native Method)
	at sun.reflect.NativeMethodAccessorImpl.invoke(NativeMethodAccessorImpl.java:62)
	at sun.reflect.DelegatingMethodAccessorImpl.invoke(DelegatingMethodAccessorImpl.java:43)
	at java.lang.reflect.Method.invoke(Method.java:498)
	at org.apache.maven.surefire.util.ReflectionUtils.invokeMethodWithArray(ReflectionUtils.java:189)
	at org.apache.maven.surefire.booter.ProviderFactory$ProviderProxy.invoke(ProviderFactory.java:165)
	at org.apache.maven.surefire.booter.ProviderFactory.invokeProvider(ProviderFactory.java:85)
	at org.apache.maven.surefire.booter.ForkedBooter.runSuitesInProcess(ForkedBooter.java:113)
	at org.apache.maven.surefire.booter.ForkedBooter.main(ForkedBooter.java:75)
]]>
            </full-stacktrace>
          </exception> <!-- java.lang.Error -->
          <reporter-output>
          </reporter-output>
        </test-method> <!-- testUsgbcCore -->
        <test-method status="PASS" signature="closeDriver(org.testng.ITestResult)[pri:0, instance:com.usgbc.dev.regression.UsgbcCoreTest@5a61f5df]" name="closeDriver" is-config="true" duration-ms="1005" started-at="2017-11-02T10:47:01Z" finished-at="2017-11-02T10:47:02Z">
          <params>
            <param index="0">
              <value>
                <![CDATA[[TestResult name=testUsgbcCore status=FAILURE method=UsgbcCoreTest.testUsgbcCore()[pri:0, instance:com.usgbc.dev.regression.UsgbcCoreTest@5a61f5df] output={null}]]]>
              </value>
            </param>
          </params>
          <reporter-output>
          </reporter-output>
        </test-method> <!-- closeDriver -->
      </class> <!-- com.usgbc.dev.regression.UsgbcCoreTest -->
    </test> <!-- Test -->
  </suite> <!-- Suite -->
</testng-results>
