<?xml version="1.0" encoding="UTF-8"?>
<testng-results skipped="0" failed="2" total="5" passed="3">
  <reporter-output>
  </reporter-output>
  <suite name="Default suite" duration-ms="638641" started-at="2017-11-01T15:19:25Z" finished-at="2017-11-01T15:30:03Z">
    <groups>
    </groups>
    <test name="Default test" duration-ms="638641" started-at="2017-11-01T15:19:25Z" finished-at="2017-11-01T15:30:03Z">
      <class name="com.usgbc.dev.regression.StoreTest">
        <test-method status="PASS" signature="getDriver()[pri:0, instance:com.usgbc.dev.regression.StoreTest@5e3a8624]" name="getDriver" is-config="true" duration-ms="6611" started-at="2017-11-01T20:49:25Z" finished-at="2017-11-01T20:49:31Z">
          <reporter-output>
          </reporter-output>
        </test-method> <!-- getDriver -->
        <test-method status="PASS" signature="testShoppingCartLink()[pri:0, instance:com.usgbc.dev.regression.StoreTest@5e3a8624]" name="testShoppingCartLink" duration-ms="35115" started-at="2017-11-01T20:49:31Z" finished-at="2017-11-01T20:50:06Z">
          <reporter-output>
          </reporter-output>
        </test-method> <!-- testShoppingCartLink -->
        <test-method status="PASS" signature="closeDriver(org.testng.ITestResult)[pri:0, instance:com.usgbc.dev.regression.StoreTest@5e3a8624]" name="closeDriver" is-config="true" duration-ms="1566" started-at="2017-11-01T20:50:06Z" finished-at="2017-11-01T20:50:08Z">
          <params>
            <param index="0">
              <value>
                <![CDATA[[TestResult name=testShoppingCartLink status=SUCCESS method=StoreTest.testShoppingCartLink()[pri:0, instance:com.usgbc.dev.regression.StoreTest@5e3a8624] output={null}]]]>
              </value>
            </param>
          </params>
          <reporter-output>
          </reporter-output>
        </test-method> <!-- closeDriver -->
        <test-method status="PASS" signature="getDriver()[pri:0, instance:com.usgbc.dev.regression.StoreTest@5e3a8624]" name="getDriver" is-config="true" duration-ms="4881" started-at="2017-11-01T20:50:08Z" finished-at="2017-11-01T20:50:13Z">
          <reporter-output>
          </reporter-output>
        </test-method> <!-- getDriver -->
        <test-method status="PASS" signature="testShoppingCartLink2()[pri:0, instance:com.usgbc.dev.regression.StoreTest@5e3a8624]" name="testShoppingCartLink2" duration-ms="23342" started-at="2017-11-01T20:50:13Z" finished-at="2017-11-01T20:50:36Z">
          <reporter-output>
          </reporter-output>
        </test-method> <!-- testShoppingCartLink2 -->
        <test-method status="PASS" signature="closeDriver(org.testng.ITestResult)[pri:0, instance:com.usgbc.dev.regression.StoreTest@5e3a8624]" name="closeDriver" is-config="true" duration-ms="6296" started-at="2017-11-01T20:50:36Z" finished-at="2017-11-01T20:50:43Z">
          <params>
            <param index="0">
              <value>
                <![CDATA[[TestResult name=testShoppingCartLink2 status=SUCCESS method=StoreTest.testShoppingCartLink2()[pri:0, instance:com.usgbc.dev.regression.StoreTest@5e3a8624] output={null}]]]>
              </value>
            </param>
          </params>
          <reporter-output>
          </reporter-output>
        </test-method> <!-- closeDriver -->
        <test-method status="PASS" signature="getDriver()[pri:0, instance:com.usgbc.dev.regression.StoreTest@5e3a8624]" name="getDriver" is-config="true" duration-ms="4797" started-at="2017-11-01T20:50:43Z" finished-at="2017-11-01T20:50:47Z">
          <reporter-output>
          </reporter-output>
        </test-method> <!-- getDriver -->
        <test-method status="PASS" signature="testShoppingCartLink3()[pri:0, instance:com.usgbc.dev.regression.StoreTest@5e3a8624]" name="testShoppingCartLink3" duration-ms="27599" started-at="2017-11-01T20:50:47Z" finished-at="2017-11-01T20:51:15Z">
          <reporter-output>
          </reporter-output>
        </test-method> <!-- testShoppingCartLink3 -->
        <test-method status="PASS" signature="closeDriver(org.testng.ITestResult)[pri:0, instance:com.usgbc.dev.regression.StoreTest@5e3a8624]" name="closeDriver" is-config="true" duration-ms="624" started-at="2017-11-01T20:51:15Z" finished-at="2017-11-01T20:51:16Z">
          <params>
            <param index="0">
              <value>
                <![CDATA[[TestResult name=testShoppingCartLink3 status=SUCCESS method=StoreTest.testShoppingCartLink3()[pri:0, instance:com.usgbc.dev.regression.StoreTest@5e3a8624] output={null}]]]>
              </value>
            </param>
          </params>
          <reporter-output>
          </reporter-output>
        </test-method> <!-- closeDriver -->
        <test-method status="PASS" signature="getDriver()[pri:0, instance:com.usgbc.dev.regression.StoreTest@5e3a8624]" name="getDriver" is-config="true" duration-ms="4680" started-at="2017-11-01T20:51:16Z" finished-at="2017-11-01T20:51:20Z">
          <reporter-output>
          </reporter-output>
        </test-method> <!-- getDriver -->
        <test-method status="FAIL" signature="testStoreGreen()[pri:0, instance:com.usgbc.dev.regression.StoreTest@5e3a8624]" name="testStoreGreen" duration-ms="470452" started-at="2017-11-01T20:51:20Z" finished-at="2017-11-01T20:59:11Z">
          <exception class="java.lang.Error">
            <message>
              <![CDATA[Unable to locate element: {"method":"xpath","selector":"html/body/div[1]/div/div/div/div[2]/div"}
Command duration or timeout: 37 milliseconds
For documentation on this error, please visit: http://seleniumhq.org/exceptions/no_such_element.html
Build info: version: '2.53.1', revision: 'a36b8b1cd5757287168e54b817830adce9b0158d', time: '2016-06-30 19:26:09'
System info: host: 'G10GGNLT049', ip: '192.168.56.1', os.name: 'Windows 10', os.arch: 'amd64', os.version: '10.0', java.version: '1.8.0_131'
Driver info: org.openqa.selenium.firefox.FirefoxDriver
Capabilities [{applicationCacheEnabled=true, rotatable=false, handlesAlerts=true, databaseEnabled=true, version=47.0.1, platform=WINDOWS, nativeEvents=false, acceptSslCerts=true, webStorageEnabled=true, locationContextEnabled=true, browserName=firefox, takesScreenshot=true, javascriptEnabled=true, cssSelectorsEnabled=true}]
Session ID: cdf133a0-66ca-4a8d-89f0-d535c2bb671c
*** Element info: {Using=xpath, value=html/body/div[1]/div/div/div/div[2]/div}]]>
            </message>
            <full-stacktrace>
              <![CDATA[java.lang.Error: Unable to locate element: {"method":"xpath","selector":"html/body/div[1]/div/div/div/div[2]/div"}
Command duration or timeout: 37 milliseconds
For documentation on this error, please visit: http://seleniumhq.org/exceptions/no_such_element.html
Build info: version: '2.53.1', revision: 'a36b8b1cd5757287168e54b817830adce9b0158d', time: '2016-06-30 19:26:09'
System info: host: 'G10GGNLT049', ip: '192.168.56.1', os.name: 'Windows 10', os.arch: 'amd64', os.version: '10.0', java.version: '1.8.0_131'
Driver info: org.openqa.selenium.firefox.FirefoxDriver
Capabilities [{applicationCacheEnabled=true, rotatable=false, handlesAlerts=true, databaseEnabled=true, version=47.0.1, platform=WINDOWS, nativeEvents=false, acceptSslCerts=true, webStorageEnabled=true, locationContextEnabled=true, browserName=firefox, takesScreenshot=true, javascriptEnabled=true, cssSelectorsEnabled=true}]
Session ID: cdf133a0-66ca-4a8d-89f0-d535c2bb671c
*** Element info: {Using=xpath, value=html/body/div[1]/div/div/div/div[2]/div}
	at sun.reflect.NativeConstructorAccessorImpl.newInstance0(Native Method)
	at sun.reflect.NativeConstructorAccessorImpl.newInstance(NativeConstructorAccessorImpl.java:62)
	at sun.reflect.DelegatingConstructorAccessorImpl.newInstance(DelegatingConstructorAccessorImpl.java:45)
	at java.lang.reflect.Constructor.newInstance(Constructor.java:423)
	at org.openqa.selenium.remote.ErrorHandler.createThrowable(ErrorHandler.java:206)
	at org.openqa.selenium.remote.ErrorHandler.throwIfResponseFailed(ErrorHandler.java:158)
	at org.openqa.selenium.remote.RemoteWebDriver.execute(RemoteWebDriver.java:678)
	at org.openqa.selenium.remote.RemoteWebDriver.findElement(RemoteWebDriver.java:363)
	at org.openqa.selenium.remote.RemoteWebDriver.findElementByXPath(RemoteWebDriver.java:500)
	at org.openqa.selenium.By$ByXPath.findElement(By.java:361)
	at org.openqa.selenium.remote.RemoteWebDriver.findElement(RemoteWebDriver.java:355)
	at org.openqa.selenium.support.pagefactory.DefaultElementLocator.findElement(DefaultElementLocator.java:69)
	at org.openqa.selenium.support.pagefactory.internal.LocatingElementHandler.invoke(LocatingElementHandler.java:38)
	at com.sun.proxy.$Proxy7.isDisplayed(Unknown Source)
	at com.usgbc.utility.ReusableMethods.receiptdownload(ReusableMethods.java:86)
	at com.usgbc.utility.ReusableMethods.contactPaymentReceipt(ReusableMethods.java:137)
	at com.usgbc.dev.business.Store.StoreModuleGreen(Store.java:41)
	at com.usgbc.dev.regression.StoreTest.testStoreGreen(StoreTest.java:24)
	at sun.reflect.NativeMethodAccessorImpl.invoke0(Native Method)
	at sun.reflect.NativeMethodAccessorImpl.invoke(NativeMethodAccessorImpl.java:62)
	at sun.reflect.DelegatingMethodAccessorImpl.invoke(DelegatingMethodAccessorImpl.java:43)
	at java.lang.reflect.Method.invoke(Method.java:498)
	at org.testng.internal.MethodInvocationHelper.invokeMethod(MethodInvocationHelper.java:85)
	at org.testng.internal.Invoker.invokeMethod(Invoker.java:639)
	at org.testng.internal.Invoker.invokeTestMethod(Invoker.java:816)
	at org.testng.internal.Invoker.invokeTestMethods(Invoker.java:1124)
	at org.testng.internal.TestMethodWorker.invokeTestMethods(TestMethodWorker.java:125)
	at org.testng.internal.TestMethodWorker.run(TestMethodWorker.java:108)
	at org.testng.TestRunner.privateRun(TestRunner.java:774)
	at org.testng.TestRunner.run(TestRunner.java:624)
	at org.testng.SuiteRunner.runTest(SuiteRunner.java:359)
	at org.testng.SuiteRunner.runSequentially(SuiteRunner.java:354)
	at org.testng.SuiteRunner.privateRun(SuiteRunner.java:312)
	at org.testng.SuiteRunner.run(SuiteRunner.java:261)
	at org.testng.SuiteRunnerWorker.runSuite(SuiteRunnerWorker.java:52)
	at org.testng.SuiteRunnerWorker.run(SuiteRunnerWorker.java:86)
	at org.testng.TestNG.runSuitesSequentially(TestNG.java:1191)
	at org.testng.TestNG.runSuitesLocally(TestNG.java:1116)
	at org.testng.TestNG.run(TestNG.java:1024)
	at org.testng.remote.AbstractRemoteTestNG.run(AbstractRemoteTestNG.java:132)
	at org.testng.remote.RemoteTestNG.initAndRun(RemoteTestNG.java:230)
	at org.testng.remote.RemoteTestNG.main(RemoteTestNG.java:76)
]]>
            </full-stacktrace>
          </exception> <!-- java.lang.Error -->
          <reporter-output>
          </reporter-output>
        </test-method> <!-- testStoreGreen -->
        <test-method status="PASS" signature="closeDriver(org.testng.ITestResult)[pri:0, instance:com.usgbc.dev.regression.StoreTest@5e3a8624]" name="closeDriver" is-config="true" duration-ms="1431" started-at="2017-11-01T20:59:11Z" finished-at="2017-11-01T20:59:12Z">
          <params>
            <param index="0">
              <value>
                <![CDATA[[TestResult name=testStoreGreen status=FAILURE method=StoreTest.testStoreGreen()[pri:0, instance:com.usgbc.dev.regression.StoreTest@5e3a8624] output={null}]]]>
              </value>
            </param>
          </params>
          <reporter-output>
          </reporter-output>
        </test-method> <!-- closeDriver -->
        <test-method status="PASS" signature="getDriver()[pri:0, instance:com.usgbc.dev.regression.StoreTest@5e3a8624]" name="getDriver" is-config="true" duration-ms="5092" started-at="2017-11-01T20:59:12Z" finished-at="2017-11-01T20:59:17Z">
          <reporter-output>
          </reporter-output>
        </test-method> <!-- getDriver -->
        <test-method status="FAIL" signature="testStoreLEED()[pri:0, instance:com.usgbc.dev.regression.StoreTest@5e3a8624]" name="testStoreLEED" duration-ms="45265" started-at="2017-11-01T20:59:17Z" finished-at="2017-11-01T21:00:03Z">
          <exception class="java.lang.Error">
            <message>
              <![CDATA[Unable to locate element: {"method":"id","selector":"edit-attention-to"}
Command duration or timeout: 15 milliseconds
For documentation on this error, please visit: http://seleniumhq.org/exceptions/no_such_element.html
Build info: version: '2.53.1', revision: 'a36b8b1cd5757287168e54b817830adce9b0158d', time: '2016-06-30 19:26:09'
System info: host: 'G10GGNLT049', ip: '192.168.56.1', os.name: 'Windows 10', os.arch: 'amd64', os.version: '10.0', java.version: '1.8.0_131'
Driver info: org.openqa.selenium.firefox.FirefoxDriver
Capabilities [{applicationCacheEnabled=true, rotatable=false, handlesAlerts=true, databaseEnabled=true, version=47.0.1, platform=WINDOWS, nativeEvents=false, acceptSslCerts=true, webStorageEnabled=true, locationContextEnabled=true, browserName=firefox, takesScreenshot=true, javascriptEnabled=true, cssSelectorsEnabled=true}]
Session ID: bf497851-7c5b-4e05-a9c0-de66f1229196
*** Element info: {Using=id, value=edit-attention-to}]]>
            </message>
            <full-stacktrace>
              <![CDATA[java.lang.Error: Unable to locate element: {"method":"id","selector":"edit-attention-to"}
Command duration or timeout: 15 milliseconds
For documentation on this error, please visit: http://seleniumhq.org/exceptions/no_such_element.html
Build info: version: '2.53.1', revision: 'a36b8b1cd5757287168e54b817830adce9b0158d', time: '2016-06-30 19:26:09'
System info: host: 'G10GGNLT049', ip: '192.168.56.1', os.name: 'Windows 10', os.arch: 'amd64', os.version: '10.0', java.version: '1.8.0_131'
Driver info: org.openqa.selenium.firefox.FirefoxDriver
Capabilities [{applicationCacheEnabled=true, rotatable=false, handlesAlerts=true, databaseEnabled=true, version=47.0.1, platform=WINDOWS, nativeEvents=false, acceptSslCerts=true, webStorageEnabled=true, locationContextEnabled=true, browserName=firefox, takesScreenshot=true, javascriptEnabled=true, cssSelectorsEnabled=true}]
Session ID: bf497851-7c5b-4e05-a9c0-de66f1229196
*** Element info: {Using=id, value=edit-attention-to}
	at sun.reflect.NativeConstructorAccessorImpl.newInstance0(Native Method)
	at sun.reflect.NativeConstructorAccessorImpl.newInstance(NativeConstructorAccessorImpl.java:62)
	at sun.reflect.DelegatingConstructorAccessorImpl.newInstance(DelegatingConstructorAccessorImpl.java:45)
	at java.lang.reflect.Constructor.newInstance(Constructor.java:423)
	at org.openqa.selenium.remote.ErrorHandler.createThrowable(ErrorHandler.java:206)
	at org.openqa.selenium.remote.ErrorHandler.throwIfResponseFailed(ErrorHandler.java:158)
	at org.openqa.selenium.remote.RemoteWebDriver.execute(RemoteWebDriver.java:678)
	at org.openqa.selenium.remote.RemoteWebDriver.findElement(RemoteWebDriver.java:363)
	at org.openqa.selenium.remote.RemoteWebDriver.findElementById(RemoteWebDriver.java:413)
	at org.openqa.selenium.By$ById.findElement(By.java:218)
	at org.openqa.selenium.remote.RemoteWebDriver.findElement(RemoteWebDriver.java:355)
	at org.openqa.selenium.support.pagefactory.DefaultElementLocator.findElement(DefaultElementLocator.java:69)
	at org.openqa.selenium.support.pagefactory.internal.LocatingElementHandler.invoke(LocatingElementHandler.java:38)
	at com.sun.proxy.$Proxy7.sendKeys(Unknown Source)
	at com.usgbc.dev.page.UsgbcWebLocators.contact_store(UsgbcWebLocators.java:393)
	at com.usgbc.utility.ReusableMethods.Contact_Form(ReusableMethods.java:27)
	at com.usgbc.dev.business.Store.StoreModuleLEED(Store.java:73)
	at com.usgbc.dev.regression.StoreTest.testStoreLEED(StoreTest.java:46)
	at sun.reflect.NativeMethodAccessorImpl.invoke0(Native Method)
	at sun.reflect.NativeMethodAccessorImpl.invoke(NativeMethodAccessorImpl.java:62)
	at sun.reflect.DelegatingMethodAccessorImpl.invoke(DelegatingMethodAccessorImpl.java:43)
	at java.lang.reflect.Method.invoke(Method.java:498)
	at org.testng.internal.MethodInvocationHelper.invokeMethod(MethodInvocationHelper.java:85)
	at org.testng.internal.Invoker.invokeMethod(Invoker.java:639)
	at org.testng.internal.Invoker.invokeTestMethod(Invoker.java:816)
	at org.testng.internal.Invoker.invokeTestMethods(Invoker.java:1124)
	at org.testng.internal.TestMethodWorker.invokeTestMethods(TestMethodWorker.java:125)
	at org.testng.internal.TestMethodWorker.run(TestMethodWorker.java:108)
	at org.testng.TestRunner.privateRun(TestRunner.java:774)
	at org.testng.TestRunner.run(TestRunner.java:624)
	at org.testng.SuiteRunner.runTest(SuiteRunner.java:359)
	at org.testng.SuiteRunner.runSequentially(SuiteRunner.java:354)
	at org.testng.SuiteRunner.privateRun(SuiteRunner.java:312)
	at org.testng.SuiteRunner.run(SuiteRunner.java:261)
	at org.testng.SuiteRunnerWorker.runSuite(SuiteRunnerWorker.java:52)
	at org.testng.SuiteRunnerWorker.run(SuiteRunnerWorker.java:86)
	at org.testng.TestNG.runSuitesSequentially(TestNG.java:1191)
	at org.testng.TestNG.runSuitesLocally(TestNG.java:1116)
	at org.testng.TestNG.run(TestNG.java:1024)
	at org.testng.remote.AbstractRemoteTestNG.run(AbstractRemoteTestNG.java:132)
	at org.testng.remote.RemoteTestNG.initAndRun(RemoteTestNG.java:230)
	at org.testng.remote.RemoteTestNG.main(RemoteTestNG.java:76)
]]>
            </full-stacktrace>
          </exception> <!-- java.lang.Error -->
          <reporter-output>
          </reporter-output>
        </test-method> <!-- testStoreLEED -->
        <test-method status="PASS" signature="closeDriver(org.testng.ITestResult)[pri:0, instance:com.usgbc.dev.regression.StoreTest@5e3a8624]" name="closeDriver" is-config="true" duration-ms="811" started-at="2017-11-01T21:00:03Z" finished-at="2017-11-01T21:00:03Z">
          <params>
            <param index="0">
              <value>
                <![CDATA[[TestResult name=testStoreLEED status=FAILURE method=StoreTest.testStoreLEED()[pri:0, instance:com.usgbc.dev.regression.StoreTest@5e3a8624] output={null}]]]>
              </value>
            </param>
          </params>
          <reporter-output>
          </reporter-output>
        </test-method> <!-- closeDriver -->
      </class> <!-- com.usgbc.dev.regression.StoreTest -->
    </test> <!-- Default test -->
  </suite> <!-- Default suite -->
</testng-results>
